#
# A fatal error has been detected by the Java Runtime Environment:
#
#  EXCEPTION_ACCESS_VIOLATION (0xc0000005) at pc=0x0000015ecc431066, pid=14064, tid=14596
#
# JRE version: OpenJDK Runtime Environment (22.0.2+9) (build 22.0.2+9-70)
# Java VM: OpenJDK 64-Bit Server VM (22.0.2+9-70, mixed mode, sharing, tiered, compressed oops, compressed class ptrs, g1 gc, windows-amd64)
# Problematic frame:
# C  [OpenAL64.dll+0x11066]
#
# No core dump will be written. Minidumps are not enabled by default on client versions of Windows
#
# If you would like to submit a bug report, please visit:
#   https://bugreport.java.com/bugreport/crash.jsp
# The crash happened outside the Java Virtual Machine in native code.
# See problematic frame for where to report the bug.
#

---------------  S U M M A R Y ------------

Command Line: -agentlib:jdwp=transport=dt_socket,address=127.0.0.1:62754,suspend=y,server=n -Djava.library.path=C:/Workspaces/cosmodog/natives_windows -javaagent:C:\Users\User\AppData\Local\JetBrains\IdeaIC2024.2\captureAgent\debugger-agent.jar -Dkotlinx.coroutines.debug.enable.creation.stack.trace=false -Ddebugger.agent.enable.coroutines=true -Dfile.encoding=UTF-8 -Dsun.stdout.encoding=UTF-8 -Dsun.stderr.encoding=UTF-8 integration_test.TestPortals

Host: Intel(R) Celeron(R) N5100 @ 1.10GHz, 4 cores, 15G,  Windows 11 , 64 bit Build 26100 (10.0.26100.4202)
Time: Fri Jun 13 09:40:47 2025 Mitteleuropäische Sommerzeit elapsed time: 5.803071 seconds (0d 0h 0m 5s)

---------------  T H R E A D  ---------------

Current thread (0x0000015ee10f1fc0):  JavaThread "main"             [_thread_in_native, id=14596, stack(0x0000004b18400000,0x0000004b18500000) (1024K)]

Stack: [0x0000004b18400000,0x0000004b18500000],  sp=0x0000004b184fe8f0,  free space=1018k
Native frames: (J=compiled Java code, j=interpreted, Vv=VM code, C=native code)
C  [OpenAL64.dll+0x11066]  (no source info available)
C  [OpenAL64.dll+0x1248f]  (no source info available)
C  0x0000015ef09c0737  (no source info available)

The last pc belongs to native method entry point (kind = native) (printed below).
Java frames: (J=compiled Java code, j=interpreted, Vv=VM code)
j  org.lwjgl.openal.ALC10.nalcCreateContext(JJ)J+0
j  org.lwjgl.openal.ALC10.alcCreateContext(Lorg/lwjgl/openal/ALCdevice;Ljava/nio/IntBuffer;)Lorg/lwjgl/openal/ALCcontext;+8
j  org.lwjgl.openal.AL.init(Ljava/lang/String;IIZZ)V+69
j  org.lwjgl.openal.AL.create(Ljava/lang/String;IIZZ)V+246
j  org.lwjgl.openal.AL.create(Ljava/lang/String;IIZ)V+5
j  org.lwjgl.openal.AL.create()V+6
j  org.newdawn.slick.openal.SoundStore$1.run()Ljava/lang/Object;+0
j  java.security.AccessController.executePrivileged(Ljava/security/PrivilegedAction;Ljava/security/AccessControlContext;Ljava/lang/Class;)Ljava/lang/Object;+29 java.base@22.0.2
j  java.security.AccessController.doPrivileged(Ljava/security/PrivilegedAction;)Ljava/lang/Object;+5 java.base@22.0.2
j  org.newdawn.slick.openal.SoundStore.init()V+26
j  org.newdawn.slick.Music.<init>(Ljava/lang/String;Z)V+29
j  org.newdawn.slick.Music.<init>(Ljava/lang/String;)V+3
j  antonafanasjew.cosmodog.ApplicationContext$4.run()V+6
j  antonafanasjew.cosmodog.globals.Features.featureBoundProcedure(Ljava/lang/String;Ljava/lang/Runnable;Ljava/lang/Runnable;)V+9
j  antonafanasjew.cosmodog.globals.Features.featureBoundProcedure(Ljava/lang/String;Ljava/lang/Runnable;)V+4
j  antonafanasjew.cosmodog.ApplicationContext.init()V+1870
j  antonafanasjew.cosmodog.ApplicationContext.<init>()V+128
j  antonafanasjew.cosmodog.ApplicationContext.instance()Lantonafanasjew/cosmodog/ApplicationContext;+21
j  antonafanasjew.cosmodog.model.states.GameState.firstEnter(Lorg/newdawn/slick/GameContainer;Lorg/newdawn/slick/state/StateBasedGame;)V+1
j  antonafanasjew.cosmodog.model.states.CosmodogAbstractState.enter(Lorg/newdawn/slick/GameContainer;Lorg/newdawn/slick/state/StateBasedGame;)V+10
j  org.newdawn.slick.state.StateBasedGame.init(Lorg/newdawn/slick/GameContainer;)V+66
j  org.newdawn.slick.AppGameContainer.setup()V+140
j  org.newdawn.slick.AppGameContainer.start()V+1
j  integration_test.TestStarter.main([Ljava/lang/String;)V+479
j  integration_test.TestPortals.main([Ljava/lang/String;)V+13
v  ~StubRoutines::call_stub 0x0000015ef09b1015

siginfo: EXCEPTION_ACCESS_VIOLATION (0xc0000005), reading address 0x0000015ec6e28004


Registers:
RAX=0x0000000000000004, RBX=0x0000015ecc5b0090, RCX=0x0000015ec6e28008, RDX=0x0000015ec6e28004
RSP=0x0000004b184fe8f0, RBP=0x00000000000000ff, RSI=0x0000015ec6e27c6c, RDI=0x0000000000000000
R8 =0x00000000000000e6, R9 =0x0000004b17e51000, R10=0x0000015ef09c070b, R11=0x0000000711868268
R12=0x0000000000000001, R13=0x0000015ec28caec0, R14=0x0000004b184fea98, R15=0x0000015ee10f1fc0
RIP=0x0000015ecc431066, EFLAGS=0x0000000000010202


Register to memory mapping:

RAX=0x0000000000000004 is an unknown value
RBX=0x0000015ecc5b0090 points into unknown readable memory: 0x0000000100000002 | 02 00 00 00 01 00 00 00
RCX=0x0000015ec6e28008 is an unknown value
RDX=0x0000015ec6e28004 is an unknown value
RSP=0x0000004b184fe8f0 is pointing into the stack for thread: 0x0000015ee10f1fc0
RBP=0x00000000000000ff is an unknown value
RSI=0x0000015ec6e27c6c points into unknown readable memory: 2a 2b b7 00
RDI=0x0 is null
R8 =0x00000000000000e6 is an unknown value
R9 =0x0000004b17e51000 points into unknown readable memory: 0x0000000000000000 | 00 00 00 00 00 00 00 00
R10=0x0000015ef09c070b is at code_begin+1899 in an Interpreter codelet
native method entry point (kind = native)  [0x0000015ef09bffa0, 0x0000015ef09c11a8]  4616 bytes
R11=0x0000000711868268 is an oop: java.lang.Class 
{0x0000000711868268} - klass: 'java/lang/Class'
 - ---- fields (total size 25 words):
 - private volatile transient 'classRedefinedCount' 'I' @12  0 (0x00000000)
 - injected 'klass' 'J' @16  1505420698800 (0x0000015e8210e4b0)
 - injected 'array_klass' 'J' @24  0 (0x0000000000000000)
 - injected 'oop_size' 'I' @32  25 (0x00000019)
 - injected 'static_oop_field_count' 'I' @36  2 (0x00000002)
 - private volatile transient 'cachedConstructor' 'Ljava/lang/reflect/Constructor;' @40  null (0x00000000)
 - private transient 'name' 'Ljava/lang/String;' @44  "org.lwjgl.openal.ALC10"{0x0000000711868330} (0xe230d066)
 - private transient 'module' 'Ljava/lang/Module;' @48  a 'java/lang/Module'{0x0000000711078608} (0xe220f0c1)
 - private final 'classLoader' 'Ljava/lang/ClassLoader;' @52  a 'jdk/internal/loader/ClassLoaders$AppClassLoader'{0x0000000711000fc8} (0xe22001f9)
 - private transient 'classData' 'Ljava/lang/Object;' @56  null (0x00000000)
 - private transient 'packageName' 'Ljava/lang/String;' @60  "org.lwjgl.openal"{0x0000000712329798} (0xe24652f3)
 - private final 'componentType' 'Ljava/lang/Class;' @64  null (0x00000000)
 - private volatile transient 'reflectionData' 'Ljava/lang/ref/SoftReference;' @68  null (0x00000000)
 - private volatile transient 'genericInfo' 'Lsun/reflect/generics/repository/ClassRepository;' @72  null (0x00000000)
 - private volatile transient 'enumConstants' '[Ljava/lang/Object;' @76  null (0x00000000)
 - private volatile transient 'enumConstantDirectory' 'Ljava/util/Map;' @80  null (0x00000000)
 - private volatile transient 'annotationData' 'Ljava/lang/Class$AnnotationData;' @84  null (0x00000000)
 - private volatile transient 'annotationType' 'Lsun/reflect/annotation/AnnotationType;' @88  null (0x00000000)
 - transient 'classValueMap' 'Ljava/lang/ClassValue$ClassValueMap;' @92  null (0x00000000)
 - injected 'protection_domain' 'Ljava/lang/Object;' @96  a 'java/security/ProtectionDomain'{0x0000000711078678} (0xe220f0cf)
 - injected 'signers_name' 'Ljava/lang/Object;' @100  null (0x00000000)
 - injected 'source_file' 'Ljava/lang/Object;' @104  null (0x00000000)
 - signature: Lorg/lwjgl/openal/ALC10;
 - ---- static fields (2):
 - static final 'contexts' 'Ljava/util/HashMap;' @112  a 'java/util/HashMap'{0x00000007118683a8} (0xe230d075)
 - static final 'devices' 'Ljava/util/HashMap;' @116  a 'java/util/HashMap'{0x00000007118683d8} (0xe230d07b)
 - public static final 'ALC_INVALID' 'I' @120  0 (0x00000000)
 - public static final 'ALC_FALSE' 'I' @124  0 (0x00000000)
 - public static final 'ALC_TRUE' 'I' @128  1 (0x00000001)
 - public static final 'ALC_NO_ERROR' 'I' @132  0 (0x00000000)
 - public static final 'ALC_MAJOR_VERSION' 'I' @136  4096 (0x00001000)
 - public static final 'ALC_MINOR_VERSION' 'I' @140  4097 (0x00001001)
 - public static final 'ALC_ATTRIBUTES_SIZE' 'I' @144  4098 (0x00001002)
 - public static final 'ALC_ALL_ATTRIBUTES' 'I' @148  4099 (0x00001003)
 - public static final 'ALC_DEFAULT_DEVICE_SPECIFIER' 'I' @152  4100 (0x00001004)
 - public static final 'ALC_DEVICE_SPECIFIER' 'I' @156  4101 (0x00001005)
 - public static final 'ALC_EXTENSIONS' 'I' @160  4102 (0x00001006)
 - public static final 'ALC_FREQUENCY' 'I' @164  4103 (0x00001007)
 - public static final 'ALC_REFRESH' 'I' @168  4104 (0x00001008)
 - public static final 'ALC_SYNC' 'I' @172  4105 (0x00001009)
 - public static final 'ALC_INVALID_DEVICE' 'I' @176  40961 (0x0000a001)
 - public static final 'ALC_INVALID_CONTEXT' 'I' @180  40962 (0x0000a002)
 - public static final 'ALC_INVALID_ENUM' 'I' @184  40963 (0x0000a003)
 - public static final 'ALC_INVALID_VALUE' 'I' @188  40964 (0x0000a004)
 - public static final 'ALC_OUT_OF_MEMORY' 'I' @192  40965 (0x0000a005)
R12=0x0000000000000001 is an unknown value
R13={method} {0x0000015ec28caec8} 'nalcCreateContext' '(JJ)J' in 'org/lwjgl/openal/ALC10'
R14=0x0000004b184fea98 is pointing into the stack for thread: 0x0000015ee10f1fc0
R15=0x0000015ee10f1fc0 is a thread

Top of Stack: (sp=0x0000004b184fe8f0)
0x0000004b184fe8f0:   0000015ec28caec0 0000015ee10f1fc0
0x0000004b184fe900:   0000000200000004 0000015e00000002
0x0000004b184fe910:   0000015edf80c0e0 0000002800000003
0x0000004b184fe920:   0000004b184fea98 0000015ec28caec0
0x0000004b184fe930:   0000000000000000 0000000000000010
0x0000004b184fe940:   0000015ee10f1fc0 0000004b184fea98
0x0000004b184fe950:   0000015ecc5b0090 00000007110ffd68
0x0000004b184fe960:   0000015ee10f1fc0 0000004b184fea98
0x0000004b184fe970:   0000015ec28caec0 0000000000000000
0x0000004b184fe980:   0000015ec6e27c6c 00000007110ffd68
0x0000004b184fe990:   0000004b184fea60 0000015ecc43248f
0x0000004b184fe9a0:   0000015ecc5b0090 0000015ecc5b0090
0x0000004b184fe9b0:   0000015e0000ac44 00007ffc00000004
0x0000004b184fe9c0:   0000000000000010 0000015ef09c0737
0x0000004b184fe9d0:   0000015ec28caec0 0000004b184fea98
0x0000004b184fe9e0:   0000000000000010 0000015ef09c00b0
0x0000004b184fe9f0:   0000015ec28caec0 00000007110ffd68
0x0000004b184fea00:   0000015ec260e078 0000000000000000
0x0000004b184fea10:   0000015ef09c005b fffffffffffffff7
0x0000004b184fea20:   0000015ec28caec0 0000000000000007
0x0000004b184fea30:   0000015ec28cc3e0 0000000000000000
0x0000004b184fea40:   0000000711868268 0000015ec28caec0
0x0000004b184fea50:   0000000000000000 0000004b184fea80
0x0000004b184fea60:   0000004b184feae8 0000015ef09b952f
0x0000004b184fea70:   0000000711868268 0000015ef09bc816
0x0000004b184fea80:   0000015ec6e27c6c 0000000000000000
0x0000004b184fea90:   0000015ecc5b0090 0000000000000000
0x0000004b184feaa0:   fffffffffffffff7 0000015ec28cad98
0x0000004b184feab0:   0000000000000008 0000015ec28cc3e0
0x0000004b184feac0:   0000000000000000 0000000711868268
0x0000004b184fead0:   0000015ec28cae30 fffffffffffffff3
0x0000004b184feae0:   0000004b184feb20 0000004b184feb78 

Instructions: (pc=0x0000015ecc431066)
0x0000015ecc430f66:   b0 00 00 00 0f ba a3 fc 00 00 00 1f 44 89 9c 24
0x0000015ecc430f76:   b0 00 00 00 73 15 48 8b 83 f8 61 01 00 48 8b cb
0x0000015ecc430f86:   ff 50 20 44 8b 9c 24 b0 00 00 00 0f ba b3 fc 00
0x0000015ecc430f96:   00 00 1f 44 89 7b 38 44 89 6b 44 44 89 73 48 e9
0x0000015ecc430fa6:   56 01 00 00 83 3d 4f 94 04 00 02 0f 8c 8e fe ff
0x0000015ecc430fb6:   ff 4c 8d 05 a2 2c 03 00 e9 6f fe ff ff 48 3b d7
0x0000015ecc430fc6:   0f 84 3f 01 00 00 39 3a 0f 84 37 01 00 00 0f ba
0x0000015ecc430fd6:   a1 fc 00 00 00 1f 73 0a 48 8b 81 f8 61 01 00 ff
0x0000015ecc430fe6:   50 20 8b 43 38 0f ba b3 fc 00 00 00 1f 8b 6b 64
0x0000015ecc430ff6:   44 8b 63 68 89 84 24 c0 00 00 00 8b 43 6c 89 84
0x0000015ecc431006:   24 c8 00 00 00 4c 8b c7 39 3e 74 58 48 8b d6 48
0x0000015ecc431016:   8d 4e 04 81 3a 07 10 00 00 75 10 8b 01 83 8b fc
0x0000015ecc431026:   00 00 00 02 89 84 24 c0 00 00 00 81 3a 11 10 00
0x0000015ecc431036:   00 75 10 8b 6b 5c 44 8b 21 44 3b e5 44 0f 47 e5
0x0000015ecc431046:   41 2b ec 81 3a 03 00 02 00 75 09 8b 01 89 84 24
0x0000015ecc431056:   c8 00 00 00 49 83 c0 02 48 83 c1 08 4a 8d 14 86
0x0000015ecc431066:   39 3a 75 af 4c 8d 84 24 c0 00 00 00 48 8d 15 d7
0x0000015ecc431076:   2b 03 00 33 c9 e8 58 5f 00 00 b8 40 1f 00 00 4c
0x0000015ecc431086:   8d 84 24 c8 00 00 00 39 84 24 c0 00 00 00 48 8d
0x0000015ecc431096:   15 e9 2b 03 00 0f 47 84 24 c0 00 00 00 33 c9 89
0x0000015ecc4310a6:   84 24 c0 00 00 00 e8 27 5f 00 00 8b 43 3c 44 8b
0x0000015ecc4310b6:   84 24 c0 00 00 00 8b 4b 38 41 bb 04 00 00 00 44
0x0000015ecc4310c6:   39 9c 24 c8 00 00 00 44 0f 42 9c 24 c8 00 00 00
0x0000015ecc4310d6:   33 d2 44 89 9c 24 c8 00 00 00 49 0f af c0 48 f7
0x0000015ecc4310e6:   f1 89 43 3c f6 05 43 b6 04 00 01 74 09 83 c0 03
0x0000015ecc4310f6:   83 e0 fc 89 43 3c 44 89 43 38 44 89 5b 6c 44 89
0x0000015ecc431106:   63 68 89 6b 64 44 8b 9b fc 00 00 00 41 0f ba e3
0x0000015ecc431116:   1f 0f 82 6a 05 00 00 44 8b 6b 38 8b 6b 44 44 8b
0x0000015ecc431126:   63 48 41 bf 03 00 00 00 48 8d 35 5b 2b 03 00 4c
0x0000015ecc431136:   8d 35 80 dc 02 00 44 39 3d bd 92 04 00 0f 8c 81
0x0000015ecc431146:   00 00 00 4c 8d 15 88 28 03 00 4c 8d 35 f5 2a 03
0x0000015ecc431156:   00 41 f6 c3 02 4d 8b ca 41 8b cc 4d 0f 45 ce e8 


Stack slot to memory mapping:

stack at sp + 0 slots: {method} {0x0000015ec28caec8} 'nalcCreateContext' '(JJ)J' in 'org/lwjgl/openal/ALC10'
stack at sp + 1 slots: 0x0000015ee10f1fc0 is a thread
stack at sp + 2 slots: 0x0000000200000004 is an unknown value
stack at sp + 3 slots: 0x0000015e00000002 is an unknown value
stack at sp + 4 slots: 0x0000015edf80c0e0 points into unknown readable memory: 0x6e616c2e6176616a | 6a 61 76 61 2e 6c 61 6e
stack at sp + 5 slots: 0x0000002800000003 is an unknown value
stack at sp + 6 slots: 0x0000004b184fea98 is pointing into the stack for thread: 0x0000015ee10f1fc0
stack at sp + 7 slots: {method} {0x0000015ec28caec8} 'nalcCreateContext' '(JJ)J' in 'org/lwjgl/openal/ALC10'

native method entry point (kind = native)  [0x0000015ef09bffa0, 0x0000015ef09c11a8]  4616 bytes
[MachCode]
  0x0000015ef09bffa0: 488b 4b08 | 0fb7 492e | 584c 8d74 | ccf8 6800 | 0000 0068 | 0000 0000 | 5055 488b | ec41 5568 
  0x0000015ef09bffc0: 0000 0000 | 4c8b 6b08 | 4d8d 6d38 | 5348 8b53 | 0848 8b52 | 0848 8b52 | 1848 8b52 | 7048 8b12 
  0x0000015ef09bffe0: 5248 8b53 | 1048 85d2 | 0f84 0700 | 0000 4881 | c210 0100 | 0052 488b | 5308 488b | 5208 488b 
  0x0000015ef09c0000: 5210 5249 | 8bc6 482b | c548 c1e8 | 0350 6800 | 0000 0068 | f7ff ffff | 41c6 8781 | 0400 0001 
  0x0000015ef09c0020: 488b 4310 | 4885 c074 | 208b 88cc | 0000 0083 | c102 8988 | cc00 0000 | 2388 e000 | 0000 0f84 
  0x0000015ef09c0040: 0410 0000 | e980 0100 | 0048 8b43 | 1848 85c0 | 0f85 6101 | 0000 e805 | 0000 00e9 | 4a01 0000 
  0x0000015ef09c0060: 488b d348 | 8d44 2408 | 4c89 6dc0 | 498b cf49 | 89af b003 | 0000 4989 | 87a0 0300 | 0048 83ec 
  0x0000015ef09c0080: 2040 f6c4 | 0f0f 8419 | 0000 0048 | 83ec 0848 | b800 a702 | 9bfc 7f00 | 00ff d048 | 83c4 08e9 
  0x0000015ef09c00a0: 0c00 0000 | 48b8 00a7 | 029b fc7f | 0000 ffd0 | 4883 c420 | 49c7 87a0 | 0300 0000 | 0000 0049 
  0x0000015ef09c00c0: c787 b003 | 0000 0000 | 0000 49c7 | 87a8 0300 | 0000 0000 | 0041 8b8f | 3405 0000 | f6c1 010f 
  0x0000015ef09c00e0: 8442 0000 | 00f6 c102 | 0f85 3900 | 0000 4883 | ec20 40f6 | c40f 0f84 | 1900 0000 | 4883 ec08 
  0x0000015ef09c0100: 48b8 c07b | 029b fc7f | 0000 ffd0 | 4883 c408 | e90c 0000 | 0048 b8c0 | 7b02 9bfc | 7f00 00ff 
  0x0000015ef09c0120: d048 83c4 | 20ff e049 | 8b8f e005 | 0000 4885 | c90f 8455 | 0000 008b | 899c 0000 | 0083 f901 
  0x0000015ef09c0140: 0f85 4600 | 0000 498b | 8fe0 0500 | 008b 89a0 | 0000 0048 | 83ec 2040 | f6c4 0f0f | 8419 0000 
  0x0000015ef09c0160: 0048 83ec | 0848 b8b0 | 7b02 9bfc | 7f00 00ff | d048 83c4 | 08e9 0c00 | 0000 48b8 | b07b 029b 
  0x0000015ef09c0180: fc7f 0000 | ffd0 4883 | c420 ffe0 | 4983 7f08 | 000f 8405 | 0000 00e9 | 640d ffff | 4c8b 6dc0 
  0x0000015ef09c01a0: 4c8b 75c8 | 4e8d 74f5 | 00c3 488b | 4318 4885 | c00f 8412 | 0000 008b | 4808 83c1 | 0289 4808 
  0x0000015ef09c01c0: 2348 1c0f | 847f 0e00 | 0049 3ba7 | f004 0000 | 0f87 4800 | 0000 8984 | 2400 f0ff | ff89 8424 
  0x0000015ef09c01e0: 00e0 ffff | 8984 2400 | d0ff ff89 | 8424 00c0 | ffff 8984 | 2400 b0ff | ff89 8424 | 00a0 ffff 
  0x0000015ef09c0200: 8984 2400 | 90ff ff89 | 8424 0080 | ffff 493b | a7e8 0400 | 0076 0749 | 89a7 f004 | 0000 41c6 
  0x0000015ef09c0220: 8781 0400 | 0000 418b | 97e8 0500 | 0085 d20f | 8451 0100 | 00e8 0500 | 0000 e947 | 0100 0048 
  0x0000015ef09c0240: 8d44 2408 | 4c89 6dc0 | 498b cf49 | 89af b003 | 0000 4989 | 87a0 0300 | 0048 83ec | 2040 f6c4 
  0x0000015ef09c0260: 0f0f 8419 | 0000 0048 | 83ec 0848 | b810 cc02 | 9bfc 7f00 | 00ff d048 | 83c4 08e9 | 0c00 0000 
  0x0000015ef09c0280: 48b8 10cc | 029b fc7f | 0000 ffd0 | 4883 c420 | 49c7 87a0 | 0300 0000 | 0000 0049 | c787 b003 
  0x0000015ef09c02a0: 0000 0000 | 0000 49c7 | 87a8 0300 | 0000 0000 | 0041 8b8f | 3405 0000 | f6c1 010f | 8442 0000 
  0x0000015ef09c02c0: 00f6 c102 | 0f85 3900 | 0000 4883 | ec20 40f6 | c40f 0f84 | 1900 0000 | 4883 ec08 | 48b8 c07b 
  0x0000015ef09c02e0: 029b fc7f | 0000 ffd0 | 4883 c408 | e90c 0000 | 0048 b8c0 | 7b02 9bfc | 7f00 00ff | d048 83c4 
  0x0000015ef09c0300: 20ff e049 | 8b8f e005 | 0000 4885 | c90f 8455 | 0000 008b | 899c 0000 | 0083 f901 | 0f85 4600 
  0x0000015ef09c0320: 0000 498b | 8fe0 0500 | 008b 89a0 | 0000 0048 | 83ec 2040 | f6c4 0f0f | 8419 0000 | 0048 83ec 
  0x0000015ef09c0340: 0848 b8b0 | 7b02 9bfc | 7f00 00ff | d048 83c4 | 08e9 0c00 | 0000 48b8 | b07b 029b | fc7f 0000 
  0x0000015ef09c0360: ffd0 4883 | c420 ffe0 | 4983 7f08 | 000f 8405 | 0000 00e9 | 880b ffff | 4c8b 6dc0 | 4c8b 75c8 
  0x0000015ef09c0380: 4e8d 74f5 | 00c3 49ba | 6c40 899b | fc7f 0000 | 4180 3a00 | 0f84 3e00 | 0000 488b | 55e8 498b 
  0x0000015ef09c03a0: cf48 83ec | 2040 f6c4 | 0f0f 8419 | 0000 0048 | 83ec 0848 | b880 b939 | 9bfc 7f00 | 00ff d048 
  0x0000015ef09c03c0: 83c4 08e9 | 0c00 0000 | 48b8 80b9 | 399b fc7f | 0000 ffd0 | 4883 c420 | 488b 5de8 | 4c8b 5b08 
  0x0000015ef09c03e0: 450f b75b | 2e41 c1e3 | 0349 2be3 | 4883 ec20 | 4883 e4f0 | 4c8b 5b60 | 4d85 db0f | 855c 0100 
  0x0000015ef09c0400: 00e8 0500 | 0000 e94a | 0100 0048 | 8bd3 488d | 4424 084c | 896d c049 | 8bcf 4989 | afb0 0300 
  0x0000015ef09c0420: 0049 8987 | a003 0000 | 4883 ec20 | 40f6 c40f | 0f84 1900 | 0000 4883 | ec08 48b8 | 20ce 029b 
  0x0000015ef09c0440: fc7f 0000 | ffd0 4883 | c408 e90c | 0000 0048 | b820 ce02 | 9bfc 7f00 | 00ff d048 | 83c4 2049 
  0x0000015ef09c0460: c787 a003 | 0000 0000 | 0000 49c7 | 87b0 0300 | 0000 0000 | 0049 c787 | a803 0000 | 0000 0000 
  0x0000015ef09c0480: 418b 8f34 | 0500 00f6 | c101 0f84 | 4200 0000 | f6c1 020f | 8539 0000 | 0048 83ec | 2040 f6c4 
  0x0000015ef09c04a0: 0f0f 8419 | 0000 0048 | 83ec 0848 | b8c0 7b02 | 9bfc 7f00 | 00ff d048 | 83c4 08e9 | 0c00 0000 
  0x0000015ef09c04c0: 48b8 c07b | 029b fc7f | 0000 ffd0 | 4883 c420 | ffe0 498b | 8fe0 0500 | 0048 85c9 | 0f84 5500 
  0x0000015ef09c04e0: 0000 8b89 | 9c00 0000 | 83f9 010f | 8546 0000 | 0049 8b8f | e005 0000 | 8b89 a000 | 0000 4883 
  0x0000015ef09c0500: ec20 40f6 | c40f 0f84 | 1900 0000 | 4883 ec08 | 48b8 b07b | 029b fc7f | 0000 ffd0 | 4883 c408 
  0x0000015ef09c0520: e90c 0000 | 0048 b8b0 | 7b02 9bfc | 7f00 00ff | d048 83c4 | 20ff e049 | 837f 0800 | 0f84 0500 
  0x0000015ef09c0540: 0000 e9b9 | 09ff ff4c | 8b6d c04c | 8b75 c84e | 8d74 f500 | c348 8b5d | e84c 8b5b | 6041 ffd3 
  0x0000015ef09c0560: 488b 5de8 | 4889 4518 | 448b 5b28 | 41f6 c308 | 0f84 1b00 | 0000 4c8b | 5b08 4d8b | 5b08 4d8b 
  0x0000015ef09c0580: 5b18 4d8b | 5b70 4d8b | 1b4c 895d | 1048 8d55 | 1048 8b43 | 5849 ba80 | 103a 9bfc | 7f00 0049 
  0x0000015ef09c05a0: 3bc2 0f85 | 5c01 0000 | e805 0000 | 00e9 4a01 | 0000 488b | d348 8d44 | 2408 4c89 | 6dc0 498b 
  0x0000015ef09c05c0: cf49 89af | b003 0000 | 4989 87a0 | 0300 0048 | 83ec 2040 | f6c4 0f0f | 8419 0000 | 0048 83ec 
  0x0000015ef09c05e0: 0848 b820 | ce02 9bfc | 7f00 00ff | d048 83c4 | 08e9 0c00 | 0000 48b8 | 20ce 029b | fc7f 0000 
  0x0000015ef09c0600: ffd0 4883 | c420 49c7 | 87a0 0300 | 0000 0000 | 0049 c787 | b003 0000 | 0000 0000 | 49c7 87a8 
  0x0000015ef09c0620: 0300 0000 | 0000 0041 | 8b8f 3405 | 0000 f6c1 | 010f 8442 | 0000 00f6 | c102 0f85 | 3900 0000 
  0x0000015ef09c0640: 4883 ec20 | 40f6 c40f | 0f84 1900 | 0000 4883 | ec08 48b8 | c07b 029b | fc7f 0000 | ffd0 4883 
  0x0000015ef09c0660: c408 e90c | 0000 0048 | b8c0 7b02 | 9bfc 7f00 | 00ff d048 | 83c4 20ff | e049 8b8f | e005 0000 
  0x0000015ef09c0680: 4885 c90f | 8455 0000 | 008b 899c | 0000 0083 | f901 0f85 | 4600 0000 | 498b 8fe0 | 0500 008b 
  0x0000015ef09c06a0: 89a0 0000 | 0048 83ec | 2040 f6c4 | 0f0f 8419 | 0000 0048 | 83ec 0848 | b8b0 7b02 | 9bfc 7f00 
  0x0000015ef09c06c0: 00ff d048 | 83c4 08e9 | 0c00 0000 | 48b8 b07b | 029b fc7f | 0000 ffd0 | 4883 c420 | ffe0 4983 
  0x0000015ef09c06e0: 7f08 000f | 8405 0000 | 00e9 1208 | ffff 4c8b | 6dc0 4c8b | 75c8 4e8d | 74f5 00c3 | 488b 5de8 
  0x0000015ef09c0700: 488b 4358 | 498d 8fc0 | 0300 0049 | 89af b003 | 0000 49ba | 0b07 9cf0 | 5e01 0000 | 4d89 97a8 
  0x0000015ef09c0720: 0300 0049 | 89a7 a003 | 0000 41c7 | 8754 0400 | 0004 0000 | 00ff d048 | 83ec 10f2 | 0f11 0424 
  0x0000015ef09c0740: 4883 ec10 | 4889 0424 | 48c7 4424 | 0800 0000 | 0041 c787 | 5404 0000 | 0500 0000 | f083 4424 
  0x0000015ef09c0760: c000 493b | af58 0400 | 000f 870e | 0000 0041 | 83bf 5004 | 0000 000f | 8420 0000 | 0049 8bcf 
  0x0000015ef09c0780: 4c8b e448 | 83ec 2048 | 83e4 f048 | b840 2304 | 9bfc 7f00 | 00ff d049 | 8be4 4d33 | e441 c787 
  0x0000015ef09c07a0: 5404 0000 | 0800 0000 | 49c7 87a0 | 0300 0000 | 0000 0049 | c787 b003 | 0000 0000 | 0000 49c7 
  0x0000015ef09c07c0: 87a8 0300 | 0000 0000 | 004d 8b9f | 3004 0000 | 41c7 8300 | 0100 0000 | 0000 0049 | bb1a c89b 
  0x0000015ef09c07e0: f05e 0100 | 004c 3b5d | 180f 8531 | 0200 0048 | 8b04 2448 | 83c4 1048 | 85c0 0f84 | 0b02 0000 
  0x0000015ef09c0800: a803 0f85 | 0800 0000 | 488b 00e9 | fb01 0000 | a801 0f85 | 0900 0000 | 488b 40fe | e9ea 0100 
  0x0000015ef09c0820: 0048 8b40 | ff41 807f | 3800 0f84 | db01 0000 | 4883 f800 | 0f84 d101 | 0000 4d8b | 5f28 4983 
  0x0000015ef09c0840: fb00 0f84 | 1400 0000 | 4983 eb08 | 4d89 5f28 | 4d03 5f30 | 4989 03e9 | af01 0000 | 4881 ecd0 
  0x0000015ef09c0860: 0000 0048 | 8904 2448 | 894c 2408 | 4889 5424 | 1048 8974 | 2418 4889 | 7c24 204c | 8944 2428 
  0x0000015ef09c0880: 4c89 4c24 | 304c 8954 | 2438 4c89 | 5c24 40f2 | 0f11 4424 | 50f2 0f11 | 4c24 58f2 | 0f11 5424 
  0x0000015ef09c08a0: 60f2 0f11 | 5c24 68f2 | 0f11 6424 | 70f2 0f11 | 6c24 78f2 | 0f11 b424 | 8000 0000 | f20f 11bc 
  0x0000015ef09c08c0: 2488 0000 | 00f2 440f | 1184 2490 | 0000 00f2 | 440f 118c | 2498 0000 | 00f2 440f | 1194 24a0 
  0x0000015ef09c08e0: 0000 00f2 | 440f 119c | 24a8 0000 | 00f2 440f | 11a4 24b0 | 0000 00f2 | 440f 11ac | 24b8 0000 
  0x0000015ef09c0900: 00f2 440f | 11b4 24c0 | 0000 00f2 | 440f 11bc | 24c8 0000 | 0049 8bd7 | 488b c848 | 83ec 2040 
  0x0000015ef09c0920: f6c4 0f0f | 8419 0000 | 0048 83ec | 0848 b830 | 3ff7 9afc | 7f00 00ff | d048 83c4 | 08e9 0c00 
  0x0000015ef09c0940: 0000 48b8 | 303f f79a | fc7f 0000 | ffd0 4883 | c420 f244 | 0f10 bc24 | c800 0000 | f244 0f10 
  0x0000015ef09c0960: b424 c000 | 0000 f244 | 0f10 ac24 | b800 0000 | f244 0f10 | a424 b000 | 0000 f244 | 0f10 9c24 
  0x0000015ef09c0980: a800 0000 | f244 0f10 | 9424 a000 | 0000 f244 | 0f10 8c24 | 9800 0000 | f244 0f10 | 8424 9000 
  0x0000015ef09c09a0: 0000 f20f | 10bc 2488 | 0000 00f2 | 0f10 b424 | 8000 0000 | f20f 106c | 2478 f20f | 1064 2470 
  0x0000015ef09c09c0: f20f 105c | 2468 f20f | 1054 2460 | f20f 104c | 2458 f20f | 1044 2450 | 4c8b 5c24 | 404c 8b54 
  0x0000015ef09c09e0: 2438 4c8b | 4c24 304c | 8b44 2428 | 488b 7c24 | 2048 8b74 | 2418 488b | 5424 1048 | 8b4c 2408 
  0x0000015ef09c0a00: 488b 0424 | 4881 c4d0 | 0000 0048 | 8945 1048 | 83ec 1048 | 8904 2448 | c744 2408 | 0000 0000 
  0x0000015ef09c0a20: 4183 bfd0 | 0400 0002 | 0f85 bf00 | 0000 4881 | ec80 0000 | 0048 8944 | 2478 4889 | 4c24 7048 
  0x0000015ef09c0a40: 8954 2468 | 4889 5c24 | 6048 896c | 2450 4889 | 7424 4848 | 897c 2440 | 4c89 4424 | 384c 894c 
  0x0000015ef09c0a60: 2430 4c89 | 5424 284c | 895c 2420 | 4c89 6424 | 184c 896c | 2410 4c89 | 7424 084c | 893c 244c 
  0x0000015ef09c0a80: 8be4 4883 | ec20 4883 | e4f0 48b8 | d0f1 399b | fc7f 0000 | ffd0 498b | e44c 8b3c | 244c 8b74 
  0x0000015ef09c0aa0: 2408 4c8b | 6c24 104c | 8b64 2418 | 4c8b 5c24 | 204c 8b54 | 2428 4c8b | 4c24 304c | 8b44 2438 
  0x0000015ef09c0ac0: 488b 7c24 | 4048 8b74 | 2448 488b | 6c24 5048 | 8b5c 2460 | 488b 5424 | 6848 8b4c | 2470 488b 
  0x0000015ef09c0ae0: 4424 7848 | 81c4 8000 | 0000 4d33 | e448 8b5d | e84c 8b6b | 084d 8d6d | 3849 837f | 0800 0f84 
  0x0000015ef09c0b00: 6c01 0000 | e805 0000 | 00e9 4701 | 0000 488d | 4424 084c | 896d c049 | 8bcf 4989 | afb0 0300 
  0x0000015ef09c0b20: 0049 8987 | a003 0000 | 4883 ec20 | 40f6 c40f | 0f84 1900 | 0000 4883 | ec08 48b8 | 60ec 029b 
  0x0000015ef09c0b40: fc7f 0000 | ffd0 4883 | c408 e90c | 0000 0048 | b860 ec02 | 9bfc 7f00 | 00ff d048 | 83c4 2049 
  0x0000015ef09c0b60: c787 a003 | 0000 0000 | 0000 49c7 | 87b0 0300 | 0000 0000 | 0049 c787 | a803 0000 | 0000 0000 
  0x0000015ef09c0b80: 418b 8f34 | 0500 00f6 | c101 0f84 | 4200 0000 | f6c1 020f | 8539 0000 | 0048 83ec | 2040 f6c4 
  0x0000015ef09c0ba0: 0f0f 8419 | 0000 0048 | 83ec 0848 | b8c0 7b02 | 9bfc 7f00 | 00ff d048 | 83c4 08e9 | 0c00 0000 
  0x0000015ef09c0bc0: 48b8 c07b | 029b fc7f | 0000 ffd0 | 4883 c420 | ffe0 498b | 8fe0 0500 | 0048 85c9 | 0f84 5500 
  0x0000015ef09c0be0: 0000 8b89 | 9c00 0000 | 83f9 010f | 8546 0000 | 0049 8b8f | e005 0000 | 8b89 a000 | 0000 4883 
  0x0000015ef09c0c00: ec20 40f6 | c40f 0f84 | 1900 0000 | 4883 ec08 | 48b8 b07b | 029b fc7f | 0000 ffd0 | 4883 c408 
  0x0000015ef09c0c20: e90c 0000 | 0048 b8b0 | 7b02 9bfc | 7f00 00ff | d048 83c4 | 20ff e049 | 837f 0800 | 0f84 0500 
  0x0000015ef09c0c40: 0000 e9b9 | 02ff ff4c | 8b6d c04c | 8b75 c84e | 8d74 f500 | c348 b9b0 | 2861 9bfc | 7f00 0048 
  0x0000015ef09c0c60: 83e4 f048 | b830 9928 | 9bfc 7f00 | 00ff d0f4 | 448b 5b28 | 41f6 c320 | 0f84 f501 | 0000 488d 
  0x0000015ef09c0c80: 55a8 4c8b | 5a08 4d85 | db0f 856c | 0100 00e8 | 0500 0000 | e947 0100 | 0048 8d44 | 2408 4c89 
  0x0000015ef09c0ca0: 6dc0 498b | cf49 89af | b003 0000 | 4989 87a0 | 0300 0048 | 83ec 2040 | f6c4 0f0f | 8419 0000 
  0x0000015ef09c0cc0: 0048 83ec | 0848 b890 | eb02 9bfc | 7f00 00ff | d048 83c4 | 08e9 0c00 | 0000 48b8 | 90eb 029b 
  0x0000015ef09c0ce0: fc7f 0000 | ffd0 4883 | c420 49c7 | 87a0 0300 | 0000 0000 | 0049 c787 | b003 0000 | 0000 0000 
  0x0000015ef09c0d00: 49c7 87a8 | 0300 0000 | 0000 0041 | 8b8f 3405 | 0000 f6c1 | 010f 8442 | 0000 00f6 | c102 0f85 
  0x0000015ef09c0d20: 3900 0000 | 4883 ec20 | 40f6 c40f | 0f84 1900 | 0000 4883 | ec08 48b8 | c07b 029b | fc7f 0000 
  0x0000015ef09c0d40: ffd0 4883 | c408 e90c | 0000 0048 | b8c0 7b02 | 9bfc 7f00 | 00ff d048 | 83c4 20ff | e049 8b8f 
  0x0000015ef09c0d60: e005 0000 | 4885 c90f | 8455 0000 | 008b 899c | 0000 0083 | f901 0f85 | 4600 0000 | 498b 8fe0 
  0x0000015ef09c0d80: 0500 008b | 89a0 0000 | 0048 83ec | 2040 f6c4 | 0f0f 8419 | 0000 0048 | 83ec 0848 | b8b0 7b02 
  0x0000015ef09c0da0: 9bfc 7f00 | 00ff d048 | 83c4 08e9 | 0c00 0000 | 48b8 b07b | 029b fc7f | 0000 ffd0 | 4883 c420 
  0x0000015ef09c0dc0: ffe0 4983 | 7f08 000f | 8405 0000 | 00e9 2e01 | ffff 4c8b | 6dc0 4c8b | 75c8 4e8d | 74f5 00c3 
  0x0000015ef09c0de0: 48b9 b028 | 619b fc7f | 0000 4883 | e4f0 48b8 | 3099 289b | fc7f 0000 | ffd0 f44c | 896d c048 
  0x0000015ef09c0e00: 8d02 4c8b | 4a08 48c7 | 4208 0000 | 0000 4c8b | 004d 85c0 | 0f84 0b00 | 0000 f04d | 0fb1 010f 
  0x0000015ef09c0e20: 850c 0000 | 0049 ff8f | 5805 0000 | e93e 0000 | 004c 894a | 0848 8bca | 4883 ec20 | 40f6 c40f 
  0x0000015ef09c0e40: 0f84 1900 | 0000 4883 | ec08 48b8 | 20be 029b | fc7f 0000 | ffd0 4883 | c408 e90c | 0000 0048 
  0x0000015ef09c0e60: b820 be02 | 9bfc 7f00 | 00ff d048 | 83c4 204c | 8b6d c041 | 8b97 e805 | 0000 85d2 | 0f84 5101 
  0x0000015ef09c0e80: 0000 e805 | 0000 00e9 | 4701 0000 | 488d 4424 | 084c 896d | c049 8bcf | 4989 afb0 | 0300 0049 
  0x0000015ef09c0ea0: 8987 a003 | 0000 4883 | ec20 40f6 | c40f 0f84 | 1900 0000 | 4883 ec08 | 48b8 50cd | 029b fc7f 
  0x0000015ef09c0ec0: 0000 ffd0 | 4883 c408 | e90c 0000 | 0048 b850 | cd02 9bfc | 7f00 00ff | d048 83c4 | 2049 c787 
  0x0000015ef09c0ee0: a003 0000 | 0000 0000 | 49c7 87b0 | 0300 0000 | 0000 0049 | c787 a803 | 0000 0000 | 0000 418b 
  0x0000015ef09c0f00: 8f34 0500 | 00f6 c101 | 0f84 4200 | 0000 f6c1 | 020f 8539 | 0000 0048 | 83ec 2040 | f6c4 0f0f 
  0x0000015ef09c0f20: 8419 0000 | 0048 83ec | 0848 b8c0 | 7b02 9bfc | 7f00 00ff | d048 83c4 | 08e9 0c00 | 0000 48b8 
  0x0000015ef09c0f40: c07b 029b | fc7f 0000 | ffd0 4883 | c420 ffe0 | 498b 8fe0 | 0500 0048 | 85c9 0f84 | 5500 0000 
  0x0000015ef09c0f60: 8b89 9c00 | 0000 83f9 | 010f 8546 | 0000 0049 | 8b8f e005 | 0000 8b89 | a000 0000 | 4883 ec20 
  0x0000015ef09c0f80: 40f6 c40f | 0f84 1900 | 0000 4883 | ec08 48b8 | b07b 029b | fc7f 0000 | ffd0 4883 | c408 e90c 
  0x0000015ef09c0fa0: 0000 0048 | b8b0 7b02 | 9bfc 7f00 | 00ff d048 | 83c4 20ff | e049 837f | 0800 0f84 | 0500 0000 
  0x0000015ef09c0fc0: e93b fffe | ff4c 8b6d | c04c 8b75 | c84e 8d74 | f500 c349 | ba6c 4089 | 9bfc 7f00 | 0041 803a 
  0x0000015ef09c0fe0: 000f 843e | 0000 0048 | 8b55 e849 | 8bcf 4883 | ec20 40f6 | c40f 0f84 | 1900 0000 | 4883 ec08 
  0x0000015ef09c1000: 48b8 80b9 | 399b fc7f | 0000 ffd0 | 4883 c408 | e90c 0000 | 0048 b880 | b939 9bfc | 7f00 00ff 
  0x0000015ef09c1020: d048 83c4 | 2048 8b04 | 2448 83c4 | 10f2 0f10 | 0424 4883 | c410 4c8b | 5d18 41ff | d34c 8b5d 
  0x0000015ef09c1040: f8c9 5f49 | 8be3 ffe7 | ba00 0000 | 00e8 0500 | 0000 e947 | 0100 0048 | 8d44 2408 | 4c89 6dc0 
  0x0000015ef09c1060: 498b cf49 | 89af b003 | 0000 4989 | 87a0 0300 | 0048 83ec | 2040 f6c4 | 0f0f 8419 | 0000 0048 
  0x0000015ef09c1080: 83ec 0848 | b8e0 b102 | 9bfc 7f00 | 00ff d048 | 83c4 08e9 | 0c00 0000 | 48b8 e0b1 | 029b fc7f 
  0x0000015ef09c10a0: 0000 ffd0 | 4883 c420 | 49c7 87a0 | 0300 0000 | 0000 0049 | c787 b003 | 0000 0000 | 0000 49c7 
  0x0000015ef09c10c0: 87a8 0300 | 0000 0000 | 0041 8b8f | 3405 0000 | f6c1 010f | 8442 0000 | 00f6 c102 | 0f85 3900 
  0x0000015ef09c10e0: 0000 4883 | ec20 40f6 | c40f 0f84 | 1900 0000 | 4883 ec08 | 48b8 c07b | 029b fc7f | 0000 ffd0 
  0x0000015ef09c1100: 4883 c408 | e90c 0000 | 0048 b8c0 | 7b02 9bfc | 7f00 00ff | d048 83c4 | 20ff e049 | 8b8f e005 
  0x0000015ef09c1120: 0000 4885 | c90f 8455 | 0000 008b | 899c 0000 | 0083 f901 | 0f85 4600 | 0000 498b | 8fe0 0500 
  0x0000015ef09c1140: 008b 89a0 | 0000 0048 | 83ec 2040 | f6c4 0f0f | 8419 0000 | 0048 83ec | 0848 b8b0 | 7b02 9bfc 
  0x0000015ef09c1160: 7f00 00ff | d048 83c4 | 08e9 0c00 | 0000 48b8 | b07b 029b | fc7f 0000 | ffd0 4883 | c420 ffe0 
  0x0000015ef09c1180: 4983 7f08 | 000f 8405 | 0000 00e9 | 70fd feff | 4c8b 6dc0 | 4c8b 75c8 | 4e8d 74f5 | 00c3 488b 
  0x0000015ef09c11a0: 5de8 e922 | f0ff ff90 
[/MachCode]

---------------  P R O C E S S  ---------------

Threads class SMR info:
_java_thread_list=0x0000015ec709bae0, length=16, elements={
0x0000015ee10f1fc0, 0x0000015e801b4070, 0x0000015e801b86f0, 0x0000015e801ba450,
0x0000015e801bae50, 0x0000015e801bffd0, 0x0000015e801c2f20, 0x0000015e801d6f00,
0x0000015e801d9ee0, 0x0000015e80437960, 0x0000015e805ae210, 0x0000015e805d3790,
0x0000015e80565c90, 0x0000015e805a9660, 0x0000015ec6050d10, 0x0000015ec70965d0
}

Java Threads: ( => current thread )
=>0x0000015ee10f1fc0 JavaThread "main"                              [_thread_in_native, id=14596, stack(0x0000004b18400000,0x0000004b18500000) (1024K)]
  0x0000015e801b4070 JavaThread "Reference Handler"          daemon [_thread_blocked, id=19648, stack(0x0000004b18c00000,0x0000004b18d00000) (1024K)]
  0x0000015e801b86f0 JavaThread "Finalizer"                  daemon [_thread_blocked, id=13708, stack(0x0000004b18d00000,0x0000004b18e00000) (1024K)]
  0x0000015e801ba450 JavaThread "Signal Dispatcher"          daemon [_thread_blocked, id=11752, stack(0x0000004b18e00000,0x0000004b18f00000) (1024K)]
  0x0000015e801bae50 JavaThread "Attach Listener"            daemon [_thread_blocked, id=584, stack(0x0000004b18f00000,0x0000004b19000000) (1024K)]
  0x0000015e801bffd0 JavaThread "Service Thread"             daemon [_thread_blocked, id=5908, stack(0x0000004b19000000,0x0000004b19100000) (1024K)]
  0x0000015e801c2f20 JavaThread "Monitor Deflation Thread"   daemon [_thread_blocked, id=18720, stack(0x0000004b19100000,0x0000004b19200000) (1024K)]
  0x0000015e801d6f00 JavaThread "C2 CompilerThread0"         daemon [_thread_blocked, id=15572, stack(0x0000004b19200000,0x0000004b19300000) (1024K)]
  0x0000015e801d9ee0 JavaThread "C1 CompilerThread0"         daemon [_thread_blocked, id=19992, stack(0x0000004b19300000,0x0000004b19400000) (1024K)]
  0x0000015e80437960 JavaThread "Common-Cleaner"             daemon [_thread_blocked, id=15388, stack(0x0000004b19400000,0x0000004b19500000) (1024K)]
  0x0000015e805ae210 JavaThread "JDWP Transport Listener: dt_socket" daemon [_thread_blocked, id=21432, stack(0x0000004b19500000,0x0000004b19600000) (1024K)]
  0x0000015e805d3790 JavaThread "JDWP Event Helper Thread"   daemon [_thread_blocked, id=20288, stack(0x0000004b19600000,0x0000004b19700000) (1024K)]
  0x0000015e80565c90 JavaThread "JDWP Command Reader"        daemon [_thread_in_native, id=9028, stack(0x0000004b19700000,0x0000004b19800000) (1024K)]
  0x0000015e805a9660 JavaThread "Notification Thread"        daemon [_thread_blocked, id=20268, stack(0x0000004b19800000,0x0000004b19900000) (1024K)]
  0x0000015ec6050d10 JavaThread "Java2D Disposer"            daemon [_thread_blocked, id=7628, stack(0x0000004b19900000,0x0000004b19a00000) (1024K)]
  0x0000015ec70965d0 JavaThread "Thread-2"                   daemon [_thread_in_native, id=17544, stack(0x0000004b1a500000,0x0000004b1a600000) (1024K)]
Total: 16

Other Threads:
  0x0000015e80195650 VMThread "VM Thread"                           [id=6928, stack(0x0000004b18b00000,0x0000004b18c00000) (1024K)]
  0x0000015e8017f690 WatcherThread "VM Periodic Task Thread"        [id=20064, stack(0x0000004b18a00000,0x0000004b18b00000) (1024K)]
  0x0000015ee1159ba0 WorkerThread "GC Thread#0"                     [id=2168, stack(0x0000004b18500000,0x0000004b18600000) (1024K)]
  0x0000015ec615e7e0 WorkerThread "GC Thread#1"                     [id=18384, stack(0x0000004b19a00000,0x0000004b19b00000) (1024K)]
  0x0000015ec615eb90 WorkerThread "GC Thread#2"                     [id=14528, stack(0x0000004b19b00000,0x0000004b19c00000) (1024K)]
  0x0000015ec617b300 WorkerThread "GC Thread#3"                     [id=21340, stack(0x0000004b19c00000,0x0000004b19d00000) (1024K)]
  0x0000015ee116abd0 ConcurrentGCThread "G1 Main Marker"            [id=18232, stack(0x0000004b18600000,0x0000004b18700000) (1024K)]
  0x0000015ee116d000 WorkerThread "G1 Conc#0"                       [id=19724, stack(0x0000004b18700000,0x0000004b18800000) (1024K)]
  0x0000015ee11ae6a0 ConcurrentGCThread "G1 Refine#0"               [id=7648, stack(0x0000004b18800000,0x0000004b18900000) (1024K)]
  0x0000015e80051d10 ConcurrentGCThread "G1 Service"                [id=10784, stack(0x0000004b18900000,0x0000004b18a00000) (1024K)]
Total: 10

Threads with active compile tasks:
Total: 0

VM state: not at safepoint (normal execution)

VM Mutex/Monitor currently owned by a thread: None

Heap address: 0x0000000702600000, size: 4058 MB, Compressed Oops mode: Zero based, Oop shift amount: 3

CDS archive(s) mapped at: [0x0000015e81000000-0x0000015e81c60000-0x0000015e81c60000), size 12976128, SharedBaseAddress: 0x0000015e81000000, ArchiveRelocationMode: 1.
Compressed class space mapped at: 0x0000015e82000000-0x0000015ec2000000, reserved size: 1073741824
Narrow klass base: 0x0000015e81000000, Narrow klass shift: 0, Narrow klass range: 0x41000000

GC Precious Log:
 CardTable entry size: 512
 Card Set container configuration: InlinePtr #cards 4 size 8 Array Of Cards #cards 16 size 48 Howl #buckets 8 coarsen threshold 3686 Howl Bitmap #cards 512 size 80 coarsen threshold 460 Card regions per heap region 1 cards per card region 4096
 CPUs: 4 total, 4 available
 Memory: 16225M
 Large Page Support: Disabled
 NUMA Support: Disabled
 Compressed Oops: Enabled (Zero based)
 Heap Region Size: 2M
 Heap Min Capacity: 8M
 Heap Initial Capacity: 254M
 Heap Max Capacity: 4058M
 Pre-touch: Disabled
 Parallel Workers: 4
 Concurrent Workers: 1
 Concurrent Refinement Workers: 4
 Periodic GC: Disabled

Heap:
 garbage-first heap   total reserved 4155392K, committed 260096K, used 14941K [0x0000000702600000, 0x0000000800000000)
  region size 2048K, 8 young (16384K), 2 survivors (4096K)
 Metaspace       used 9567K, committed 9856K, reserved 1114112K
  class space    used 913K, committed 1088K, reserved 1048576K

Heap Regions: E=young(eden), S=young(survivor), O=old, HS=humongous(starts), HC=humongous(continues), CS=collection set, F=free, TAMS=top-at-mark-start, PB=parsable bottom
|   0|0x0000000702600000, 0x0000000702719010, 0x0000000702800000| 54%| O|  |TAMS 0x0000000702600000| PB 0x0000000702600000| Untracked |  0
|   1|0x0000000702800000, 0x0000000702800000, 0x0000000702a00000|  0%| F|  |TAMS 0x0000000702800000| PB 0x0000000702800000| Untracked |  0
|   2|0x0000000702a00000, 0x0000000702a00000, 0x0000000702c00000|  0%| F|  |TAMS 0x0000000702a00000| PB 0x0000000702a00000| Untracked |  0
|   3|0x0000000702c00000, 0x0000000702c00000, 0x0000000702e00000|  0%| F|  |TAMS 0x0000000702c00000| PB 0x0000000702c00000| Untracked |  0
|   4|0x0000000702e00000, 0x0000000702e00000, 0x0000000703000000|  0%| F|  |TAMS 0x0000000702e00000| PB 0x0000000702e00000| Untracked |  0
|   5|0x0000000703000000, 0x0000000703000000, 0x0000000703200000|  0%| F|  |TAMS 0x0000000703000000| PB 0x0000000703000000| Untracked |  0
|   6|0x0000000703200000, 0x0000000703200000, 0x0000000703400000|  0%| F|  |TAMS 0x0000000703200000| PB 0x0000000703200000| Untracked |  0
|   7|0x0000000703400000, 0x0000000703400000, 0x0000000703600000|  0%| F|  |TAMS 0x0000000703400000| PB 0x0000000703400000| Untracked |  0
|   8|0x0000000703600000, 0x0000000703600000, 0x0000000703800000|  0%| F|  |TAMS 0x0000000703600000| PB 0x0000000703600000| Untracked |  0
|   9|0x0000000703800000, 0x0000000703800000, 0x0000000703a00000|  0%| F|  |TAMS 0x0000000703800000| PB 0x0000000703800000| Untracked |  0
|  10|0x0000000703a00000, 0x0000000703a00000, 0x0000000703c00000|  0%| F|  |TAMS 0x0000000703a00000| PB 0x0000000703a00000| Untracked |  0
|  11|0x0000000703c00000, 0x0000000703c00000, 0x0000000703e00000|  0%| F|  |TAMS 0x0000000703c00000| PB 0x0000000703c00000| Untracked |  0
|  12|0x0000000703e00000, 0x0000000703e00000, 0x0000000704000000|  0%| F|  |TAMS 0x0000000703e00000| PB 0x0000000703e00000| Untracked |  0
|  13|0x0000000704000000, 0x0000000704000000, 0x0000000704200000|  0%| F|  |TAMS 0x0000000704000000| PB 0x0000000704000000| Untracked |  0
|  14|0x0000000704200000, 0x0000000704200000, 0x0000000704400000|  0%| F|  |TAMS 0x0000000704200000| PB 0x0000000704200000| Untracked |  0
|  15|0x0000000704400000, 0x0000000704400000, 0x0000000704600000|  0%| F|  |TAMS 0x0000000704400000| PB 0x0000000704400000| Untracked |  0
|  16|0x0000000704600000, 0x0000000704600000, 0x0000000704800000|  0%| F|  |TAMS 0x0000000704600000| PB 0x0000000704600000| Untracked |  0
|  17|0x0000000704800000, 0x0000000704800000, 0x0000000704a00000|  0%| F|  |TAMS 0x0000000704800000| PB 0x0000000704800000| Untracked |  0
|  18|0x0000000704a00000, 0x0000000704a00000, 0x0000000704c00000|  0%| F|  |TAMS 0x0000000704a00000| PB 0x0000000704a00000| Untracked |  0
|  19|0x0000000704c00000, 0x0000000704c00000, 0x0000000704e00000|  0%| F|  |TAMS 0x0000000704c00000| PB 0x0000000704c00000| Untracked |  0
|  20|0x0000000704e00000, 0x0000000704e00000, 0x0000000705000000|  0%| F|  |TAMS 0x0000000704e00000| PB 0x0000000704e00000| Untracked |  0
|  21|0x0000000705000000, 0x0000000705000000, 0x0000000705200000|  0%| F|  |TAMS 0x0000000705000000| PB 0x0000000705000000| Untracked |  0
|  22|0x0000000705200000, 0x0000000705200000, 0x0000000705400000|  0%| F|  |TAMS 0x0000000705200000| PB 0x0000000705200000| Untracked |  0
|  23|0x0000000705400000, 0x0000000705400000, 0x0000000705600000|  0%| F|  |TAMS 0x0000000705400000| PB 0x0000000705400000| Untracked |  0
|  24|0x0000000705600000, 0x0000000705600000, 0x0000000705800000|  0%| F|  |TAMS 0x0000000705600000| PB 0x0000000705600000| Untracked |  0
|  25|0x0000000705800000, 0x0000000705800000, 0x0000000705a00000|  0%| F|  |TAMS 0x0000000705800000| PB 0x0000000705800000| Untracked |  0
|  26|0x0000000705a00000, 0x0000000705a00000, 0x0000000705c00000|  0%| F|  |TAMS 0x0000000705a00000| PB 0x0000000705a00000| Untracked |  0
|  27|0x0000000705c00000, 0x0000000705c00000, 0x0000000705e00000|  0%| F|  |TAMS 0x0000000705c00000| PB 0x0000000705c00000| Untracked |  0
|  28|0x0000000705e00000, 0x0000000705e00000, 0x0000000706000000|  0%| F|  |TAMS 0x0000000705e00000| PB 0x0000000705e00000| Untracked |  0
|  29|0x0000000706000000, 0x0000000706000000, 0x0000000706200000|  0%| F|  |TAMS 0x0000000706000000| PB 0x0000000706000000| Untracked |  0
|  30|0x0000000706200000, 0x0000000706200000, 0x0000000706400000|  0%| F|  |TAMS 0x0000000706200000| PB 0x0000000706200000| Untracked |  0
|  31|0x0000000706400000, 0x0000000706400000, 0x0000000706600000|  0%| F|  |TAMS 0x0000000706400000| PB 0x0000000706400000| Untracked |  0
|  32|0x0000000706600000, 0x0000000706600000, 0x0000000706800000|  0%| F|  |TAMS 0x0000000706600000| PB 0x0000000706600000| Untracked |  0
|  33|0x0000000706800000, 0x0000000706800000, 0x0000000706a00000|  0%| F|  |TAMS 0x0000000706800000| PB 0x0000000706800000| Untracked |  0
|  34|0x0000000706a00000, 0x0000000706a00000, 0x0000000706c00000|  0%| F|  |TAMS 0x0000000706a00000| PB 0x0000000706a00000| Untracked |  0
|  35|0x0000000706c00000, 0x0000000706c00000, 0x0000000706e00000|  0%| F|  |TAMS 0x0000000706c00000| PB 0x0000000706c00000| Untracked |  0
|  36|0x0000000706e00000, 0x0000000706e00000, 0x0000000707000000|  0%| F|  |TAMS 0x0000000706e00000| PB 0x0000000706e00000| Untracked |  0
|  37|0x0000000707000000, 0x0000000707000000, 0x0000000707200000|  0%| F|  |TAMS 0x0000000707000000| PB 0x0000000707000000| Untracked |  0
|  38|0x0000000707200000, 0x0000000707200000, 0x0000000707400000|  0%| F|  |TAMS 0x0000000707200000| PB 0x0000000707200000| Untracked |  0
|  39|0x0000000707400000, 0x0000000707400000, 0x0000000707600000|  0%| F|  |TAMS 0x0000000707400000| PB 0x0000000707400000| Untracked |  0
|  40|0x0000000707600000, 0x0000000707600000, 0x0000000707800000|  0%| F|  |TAMS 0x0000000707600000| PB 0x0000000707600000| Untracked |  0
|  41|0x0000000707800000, 0x0000000707800000, 0x0000000707a00000|  0%| F|  |TAMS 0x0000000707800000| PB 0x0000000707800000| Untracked |  0
|  42|0x0000000707a00000, 0x0000000707a00000, 0x0000000707c00000|  0%| F|  |TAMS 0x0000000707a00000| PB 0x0000000707a00000| Untracked |  0
|  43|0x0000000707c00000, 0x0000000707c00000, 0x0000000707e00000|  0%| F|  |TAMS 0x0000000707c00000| PB 0x0000000707c00000| Untracked |  0
|  44|0x0000000707e00000, 0x0000000707e00000, 0x0000000708000000|  0%| F|  |TAMS 0x0000000707e00000| PB 0x0000000707e00000| Untracked |  0
|  45|0x0000000708000000, 0x0000000708000000, 0x0000000708200000|  0%| F|  |TAMS 0x0000000708000000| PB 0x0000000708000000| Untracked |  0
|  46|0x0000000708200000, 0x0000000708200000, 0x0000000708400000|  0%| F|  |TAMS 0x0000000708200000| PB 0x0000000708200000| Untracked |  0
|  47|0x0000000708400000, 0x0000000708400000, 0x0000000708600000|  0%| F|  |TAMS 0x0000000708400000| PB 0x0000000708400000| Untracked |  0
|  48|0x0000000708600000, 0x0000000708600000, 0x0000000708800000|  0%| F|  |TAMS 0x0000000708600000| PB 0x0000000708600000| Untracked |  0
|  49|0x0000000708800000, 0x0000000708800000, 0x0000000708a00000|  0%| F|  |TAMS 0x0000000708800000| PB 0x0000000708800000| Untracked |  0
|  50|0x0000000708a00000, 0x0000000708a00000, 0x0000000708c00000|  0%| F|  |TAMS 0x0000000708a00000| PB 0x0000000708a00000| Untracked |  0
|  51|0x0000000708c00000, 0x0000000708c00000, 0x0000000708e00000|  0%| F|  |TAMS 0x0000000708c00000| PB 0x0000000708c00000| Untracked |  0
|  52|0x0000000708e00000, 0x0000000708e00000, 0x0000000709000000|  0%| F|  |TAMS 0x0000000708e00000| PB 0x0000000708e00000| Untracked |  0
|  53|0x0000000709000000, 0x0000000709000000, 0x0000000709200000|  0%| F|  |TAMS 0x0000000709000000| PB 0x0000000709000000| Untracked |  0
|  54|0x0000000709200000, 0x0000000709200000, 0x0000000709400000|  0%| F|  |TAMS 0x0000000709200000| PB 0x0000000709200000| Untracked |  0
|  55|0x0000000709400000, 0x0000000709400000, 0x0000000709600000|  0%| F|  |TAMS 0x0000000709400000| PB 0x0000000709400000| Untracked |  0
|  56|0x0000000709600000, 0x0000000709600000, 0x0000000709800000|  0%| F|  |TAMS 0x0000000709600000| PB 0x0000000709600000| Untracked |  0
|  57|0x0000000709800000, 0x0000000709800000, 0x0000000709a00000|  0%| F|  |TAMS 0x0000000709800000| PB 0x0000000709800000| Untracked |  0
|  58|0x0000000709a00000, 0x0000000709a00000, 0x0000000709c00000|  0%| F|  |TAMS 0x0000000709a00000| PB 0x0000000709a00000| Untracked |  0
|  59|0x0000000709c00000, 0x0000000709c00000, 0x0000000709e00000|  0%| F|  |TAMS 0x0000000709c00000| PB 0x0000000709c00000| Untracked |  0
|  60|0x0000000709e00000, 0x0000000709e00000, 0x000000070a000000|  0%| F|  |TAMS 0x0000000709e00000| PB 0x0000000709e00000| Untracked |  0
|  61|0x000000070a000000, 0x000000070a000000, 0x000000070a200000|  0%| F|  |TAMS 0x000000070a000000| PB 0x000000070a000000| Untracked |  0
|  62|0x000000070a200000, 0x000000070a200000, 0x000000070a400000|  0%| F|  |TAMS 0x000000070a200000| PB 0x000000070a200000| Untracked |  0
|  63|0x000000070a400000, 0x000000070a400000, 0x000000070a600000|  0%| F|  |TAMS 0x000000070a400000| PB 0x000000070a400000| Untracked |  0
|  64|0x000000070a600000, 0x000000070a600000, 0x000000070a800000|  0%| F|  |TAMS 0x000000070a600000| PB 0x000000070a600000| Untracked |  0
|  65|0x000000070a800000, 0x000000070a800000, 0x000000070aa00000|  0%| F|  |TAMS 0x000000070a800000| PB 0x000000070a800000| Untracked |  0
|  66|0x000000070aa00000, 0x000000070aa00000, 0x000000070ac00000|  0%| F|  |TAMS 0x000000070aa00000| PB 0x000000070aa00000| Untracked |  0
|  67|0x000000070ac00000, 0x000000070ac00000, 0x000000070ae00000|  0%| F|  |TAMS 0x000000070ac00000| PB 0x000000070ac00000| Untracked |  0
|  68|0x000000070ae00000, 0x000000070ae00000, 0x000000070b000000|  0%| F|  |TAMS 0x000000070ae00000| PB 0x000000070ae00000| Untracked |  0
|  69|0x000000070b000000, 0x000000070b000000, 0x000000070b200000|  0%| F|  |TAMS 0x000000070b000000| PB 0x000000070b000000| Untracked |  0
|  70|0x000000070b200000, 0x000000070b200000, 0x000000070b400000|  0%| F|  |TAMS 0x000000070b200000| PB 0x000000070b200000| Untracked |  0
|  71|0x000000070b400000, 0x000000070b400000, 0x000000070b600000|  0%| F|  |TAMS 0x000000070b400000| PB 0x000000070b400000| Untracked |  0
|  72|0x000000070b600000, 0x000000070b600000, 0x000000070b800000|  0%| F|  |TAMS 0x000000070b600000| PB 0x000000070b600000| Untracked |  0
|  73|0x000000070b800000, 0x000000070b800000, 0x000000070ba00000|  0%| F|  |TAMS 0x000000070b800000| PB 0x000000070b800000| Untracked |  0
|  74|0x000000070ba00000, 0x000000070ba00000, 0x000000070bc00000|  0%| F|  |TAMS 0x000000070ba00000| PB 0x000000070ba00000| Untracked |  0
|  75|0x000000070bc00000, 0x000000070bc00000, 0x000000070be00000|  0%| F|  |TAMS 0x000000070bc00000| PB 0x000000070bc00000| Untracked |  0
|  76|0x000000070be00000, 0x000000070be00000, 0x000000070c000000|  0%| F|  |TAMS 0x000000070be00000| PB 0x000000070be00000| Untracked |  0
|  77|0x000000070c000000, 0x000000070c000000, 0x000000070c200000|  0%| F|  |TAMS 0x000000070c000000| PB 0x000000070c000000| Untracked |  0
|  78|0x000000070c200000, 0x000000070c200000, 0x000000070c400000|  0%| F|  |TAMS 0x000000070c200000| PB 0x000000070c200000| Untracked |  0
|  79|0x000000070c400000, 0x000000070c400000, 0x000000070c600000|  0%| F|  |TAMS 0x000000070c400000| PB 0x000000070c400000| Untracked |  0
|  80|0x000000070c600000, 0x000000070c600000, 0x000000070c800000|  0%| F|  |TAMS 0x000000070c600000| PB 0x000000070c600000| Untracked |  0
|  81|0x000000070c800000, 0x000000070c800000, 0x000000070ca00000|  0%| F|  |TAMS 0x000000070c800000| PB 0x000000070c800000| Untracked |  0
|  82|0x000000070ca00000, 0x000000070ca00000, 0x000000070cc00000|  0%| F|  |TAMS 0x000000070ca00000| PB 0x000000070ca00000| Untracked |  0
|  83|0x000000070cc00000, 0x000000070cc00000, 0x000000070ce00000|  0%| F|  |TAMS 0x000000070cc00000| PB 0x000000070cc00000| Untracked |  0
|  84|0x000000070ce00000, 0x000000070ce00000, 0x000000070d000000|  0%| F|  |TAMS 0x000000070ce00000| PB 0x000000070ce00000| Untracked |  0
|  85|0x000000070d000000, 0x000000070d000000, 0x000000070d200000|  0%| F|  |TAMS 0x000000070d000000| PB 0x000000070d000000| Untracked |  0
|  86|0x000000070d200000, 0x000000070d200000, 0x000000070d400000|  0%| F|  |TAMS 0x000000070d200000| PB 0x000000070d200000| Untracked |  0
|  87|0x000000070d400000, 0x000000070d400000, 0x000000070d600000|  0%| F|  |TAMS 0x000000070d400000| PB 0x000000070d400000| Untracked |  0
|  88|0x000000070d600000, 0x000000070d600000, 0x000000070d800000|  0%| F|  |TAMS 0x000000070d600000| PB 0x000000070d600000| Untracked |  0
|  89|0x000000070d800000, 0x000000070d800000, 0x000000070da00000|  0%| F|  |TAMS 0x000000070d800000| PB 0x000000070d800000| Untracked |  0
|  90|0x000000070da00000, 0x000000070da00000, 0x000000070dc00000|  0%| F|  |TAMS 0x000000070da00000| PB 0x000000070da00000| Untracked |  0
|  91|0x000000070dc00000, 0x000000070dc00000, 0x000000070de00000|  0%| F|  |TAMS 0x000000070dc00000| PB 0x000000070dc00000| Untracked |  0
|  92|0x000000070de00000, 0x000000070de00000, 0x000000070e000000|  0%| F|  |TAMS 0x000000070de00000| PB 0x000000070de00000| Untracked |  0
|  93|0x000000070e000000, 0x000000070e000000, 0x000000070e200000|  0%| F|  |TAMS 0x000000070e000000| PB 0x000000070e000000| Untracked |  0
|  94|0x000000070e200000, 0x000000070e200000, 0x000000070e400000|  0%| F|  |TAMS 0x000000070e200000| PB 0x000000070e200000| Untracked |  0
|  95|0x000000070e400000, 0x000000070e400000, 0x000000070e600000|  0%| F|  |TAMS 0x000000070e400000| PB 0x000000070e400000| Untracked |  0
|  96|0x000000070e600000, 0x000000070e600000, 0x000000070e800000|  0%| F|  |TAMS 0x000000070e600000| PB 0x000000070e600000| Untracked |  0
|  97|0x000000070e800000, 0x000000070e800000, 0x000000070ea00000|  0%| F|  |TAMS 0x000000070e800000| PB 0x000000070e800000| Untracked |  0
|  98|0x000000070ea00000, 0x000000070ea00000, 0x000000070ec00000|  0%| F|  |TAMS 0x000000070ea00000| PB 0x000000070ea00000| Untracked |  0
|  99|0x000000070ec00000, 0x000000070ec00000, 0x000000070ee00000|  0%| F|  |TAMS 0x000000070ec00000| PB 0x000000070ec00000| Untracked |  0
| 100|0x000000070ee00000, 0x000000070ee00000, 0x000000070f000000|  0%| F|  |TAMS 0x000000070ee00000| PB 0x000000070ee00000| Untracked |  0
| 101|0x000000070f000000, 0x000000070f000000, 0x000000070f200000|  0%| F|  |TAMS 0x000000070f000000| PB 0x000000070f000000| Untracked |  0
| 102|0x000000070f200000, 0x000000070f200000, 0x000000070f400000|  0%| F|  |TAMS 0x000000070f200000| PB 0x000000070f200000| Untracked |  0
| 103|0x000000070f400000, 0x000000070f400000, 0x000000070f600000|  0%| F|  |TAMS 0x000000070f400000| PB 0x000000070f400000| Untracked |  0
| 104|0x000000070f600000, 0x000000070f600000, 0x000000070f800000|  0%| F|  |TAMS 0x000000070f600000| PB 0x000000070f600000| Untracked |  0
| 105|0x000000070f800000, 0x000000070f800000, 0x000000070fa00000|  0%| F|  |TAMS 0x000000070f800000| PB 0x000000070f800000| Untracked |  0
| 106|0x000000070fa00000, 0x000000070fa00000, 0x000000070fc00000|  0%| F|  |TAMS 0x000000070fa00000| PB 0x000000070fa00000| Untracked |  0
| 107|0x000000070fc00000, 0x000000070fc00000, 0x000000070fe00000|  0%| F|  |TAMS 0x000000070fc00000| PB 0x000000070fc00000| Untracked |  0
| 108|0x000000070fe00000, 0x000000070fe00000, 0x0000000710000000|  0%| F|  |TAMS 0x000000070fe00000| PB 0x000000070fe00000| Untracked |  0
| 109|0x0000000710000000, 0x0000000710000000, 0x0000000710200000|  0%| F|  |TAMS 0x0000000710000000| PB 0x0000000710000000| Untracked |  0
| 110|0x0000000710200000, 0x0000000710200000, 0x0000000710400000|  0%| F|  |TAMS 0x0000000710200000| PB 0x0000000710200000| Untracked |  0
| 111|0x0000000710400000, 0x0000000710400000, 0x0000000710600000|  0%| F|  |TAMS 0x0000000710400000| PB 0x0000000710400000| Untracked |  0
| 112|0x0000000710600000, 0x0000000710600000, 0x0000000710800000|  0%| F|  |TAMS 0x0000000710600000| PB 0x0000000710600000| Untracked |  0
| 113|0x0000000710800000, 0x0000000710800000, 0x0000000710a00000|  0%| F|  |TAMS 0x0000000710800000| PB 0x0000000710800000| Untracked |  0
| 114|0x0000000710a00000, 0x0000000710a00000, 0x0000000710c00000|  0%| F|  |TAMS 0x0000000710a00000| PB 0x0000000710a00000| Untracked |  0
| 115|0x0000000710c00000, 0x0000000710c00000, 0x0000000710e00000|  0%| F|  |TAMS 0x0000000710c00000| PB 0x0000000710c00000| Untracked |  0
| 116|0x0000000710e00000, 0x0000000710f7e670, 0x0000000711000000| 74%| S|CS|TAMS 0x0000000710e00000| PB 0x0000000710e00000| Complete |  0
| 117|0x0000000711000000, 0x0000000711200000, 0x0000000711200000|100%| S|CS|TAMS 0x0000000711000000| PB 0x0000000711000000| Complete |  0
| 118|0x0000000711200000, 0x0000000711200000, 0x0000000711400000|  0%| F|  |TAMS 0x0000000711200000| PB 0x0000000711200000| Untracked |  0
| 119|0x0000000711400000, 0x0000000711400000, 0x0000000711600000|  0%| F|  |TAMS 0x0000000711400000| PB 0x0000000711400000| Untracked |  0
| 120|0x0000000711600000, 0x0000000711600000, 0x0000000711800000|  0%| F|  |TAMS 0x0000000711600000| PB 0x0000000711600000| Untracked |  0
| 121|0x0000000711800000, 0x0000000711887170, 0x0000000711a00000| 26%| E|  |TAMS 0x0000000711800000| PB 0x0000000711800000| Complete |  0
| 122|0x0000000711a00000, 0x0000000711c00000, 0x0000000711c00000|100%| E|CS|TAMS 0x0000000711a00000| PB 0x0000000711a00000| Complete |  0
| 123|0x0000000711c00000, 0x0000000711e00000, 0x0000000711e00000|100%| E|CS|TAMS 0x0000000711c00000| PB 0x0000000711c00000| Complete |  0
| 124|0x0000000711e00000, 0x0000000712000000, 0x0000000712000000|100%| E|CS|TAMS 0x0000000711e00000| PB 0x0000000711e00000| Complete |  0
| 125|0x0000000712000000, 0x0000000712200000, 0x0000000712200000|100%| E|CS|TAMS 0x0000000712000000| PB 0x0000000712000000| Complete |  0
| 126|0x0000000712200000, 0x0000000712400000, 0x0000000712400000|100%| E|CS|TAMS 0x0000000712200000| PB 0x0000000712200000| Complete |  0

Card table byte_map: [0x0000015ef92a0000,0x0000015ef9a90000] _byte_map_base: 0x0000015ef5a8d000

Marking Bits: (CMBitMap*) 0x0000015ee115a1b0
 Bits: [0x0000015ef9a90000, 0x0000015efd9f8000)

Polling page: 0x0000015edfa60000

Metaspace:

Usage:
  Non-class:      8.45 MB used.
      Class:    913.52 KB used.
       Both:      9.34 MB used.

Virtual space:
  Non-class space:       64.00 MB reserved,       8.56 MB ( 13%) committed,  1 nodes.
      Class space:        1.00 GB reserved,       1.06 MB ( <1%) committed,  1 nodes.
             Both:        1.06 GB reserved,       9.62 MB ( <1%) committed. 

Chunk freelists:
   Non-Class:  7.19 MB
       Class:  14.94 MB
        Both:  22.12 MB

MaxMetaspaceSize: unlimited
CompressedClassSpaceSize: 1.00 GB
Initial GC threshold: 21.00 MB
Current GC threshold: 21.00 MB
CDS: on
 - commit_granule_bytes: 65536.
 - commit_granule_words: 8192.
 - virtual_space_node_default_size: 8388608.
 - enlarge_chunks_in_place: 1.
 - use_allocation_guard: 0.


Internal statistics:

num_allocs_failed_limit: 0.
num_arena_births: 176.
num_arena_deaths: 0.
num_vsnodes_births: 2.
num_vsnodes_deaths: 0.
num_space_committed: 153.
num_space_uncommitted: 0.
num_chunks_returned_to_freelist: 0.
num_chunks_taken_from_freelist: 356.
num_chunk_merges: 0.
num_chunk_splits: 221.
num_chunks_enlarged: 126.
num_inconsistent_stats: 0.

CodeHeap 'non-profiled nmethods': size=120000Kb used=686Kb max_used=686Kb free=119313Kb
 bounds [0x0000015ef0f50000, 0x0000015ef11c0000, 0x0000015ef8480000]
CodeHeap 'profiled nmethods': size=120000Kb used=3330Kb max_used=3330Kb free=116669Kb
 bounds [0x0000015ee9480000, 0x0000015ee97d0000, 0x0000015ef09b0000]
CodeHeap 'non-nmethods': size=5760Kb used=1727Kb max_used=1742Kb free=4032Kb
 bounds [0x0000015ef09b0000, 0x0000015ef0c20000, 0x0000015ef0f50000]
 total_blobs=2502 nmethods=1795 adapters=613
 compilation: enabled
              stopped_count=0, restarted_count=0
 full_count=0

Compilation events (20 events):
Event: 5.683 Thread 0x0000015e801d9ee0 1785       3       java.lang.ClassLoader::postDefineClass (39 bytes)
Event: 5.684 Thread 0x0000015e801d9ee0 nmethod 1785 0x0000015ee97bd910 code [0x0000015ee97bdb00, 0x0000015ee97bde38]
Event: 5.684 Thread 0x0000015e801d9ee0 1786       3       java.lang.ClassLoader::getNamedPackage (73 bytes)
Event: 5.685 Thread 0x0000015e801d9ee0 nmethod 1786 0x0000015ee97be010 code [0x0000015ee97be200, 0x0000015ee97be730]
Event: 5.685 Thread 0x0000015e801d9ee0 1787       3       jdk.internal.loader.URLClassPath$JarLoader$2::getCodeSourceURL (8 bytes)
Event: 5.685 Thread 0x0000015e801d9ee0 nmethod 1787 0x0000015ee97be910 code [0x0000015ee97beaa0, 0x0000015ee97bebc0]
Event: 5.685 Thread 0x0000015e801d9ee0 1788       3       jdk.internal.loader.URLClassPath$JarLoader$2::getManifest (26 bytes)
Event: 5.686 Thread 0x0000015e801d9ee0 nmethod 1788 0x0000015ee97bec90 code [0x0000015ee97beee0, 0x0000015ee97bf688]
Event: 5.686 Thread 0x0000015e801d9ee0 1789       3       java.util.jar.JavaUtilJarAccessImpl::ensureInitialization (5 bytes)
Event: 5.686 Thread 0x0000015e801d9ee0 nmethod 1789 0x0000015ee97bfa90 code [0x0000015ee97bfc40, 0x0000015ee97bfe18]
Event: 5.686 Thread 0x0000015e801d9ee0 1790       3       java.lang.invoke.MemberName::isCallerSensitive (8 bytes)
Event: 5.687 Thread 0x0000015e801d9ee0 nmethod 1790 0x0000015ee97bff10 code [0x0000015ee97c00a0, 0x0000015ee97c0268]
Event: 5.687 Thread 0x0000015e801d6f00 1791       4       java.lang.StringBuilder::toString (20 bytes)
Event: 5.688 Thread 0x0000015e801d9ee0 1792       3       java.lang.invoke.MemberName::getType (19 bytes)
Event: 5.688 Thread 0x0000015e801d9ee0 nmethod 1792 0x0000015ee97c0310 code [0x0000015ee97c04e0, 0x0000015ee97c07d8]
Event: 5.698 Thread 0x0000015e801d6f00 nmethod 1791 0x0000015ef0ffa210 code [0x0000015ef0ffa3c0, 0x0000015ef0ffa990]
Event: 5.699 Thread 0x0000015e801d6f00 1794       4       java.util.Objects::requireNonNull (15 bytes)
Event: 5.699 Thread 0x0000015e801d6f00 nmethod 1794 0x0000015ef0ffac90 code [0x0000015ef0ffae00, 0x0000015ef0ffae88]
Event: 5.699 Thread 0x0000015e801d6f00 1795       4       java.util.Objects::equals (23 bytes)
Event: 5.701 Thread 0x0000015e801d6f00 nmethod 1795 0x0000015ef0ffaf90 code [0x0000015ef0ffb120, 0x0000015ef0ffb1e8]

GC Heap History (4 events):
Event: 2.670 GC heap before
{Heap before GC invocations=0 (full 0):
 garbage-first heap   total reserved 4155392K, committed 260096K, used 14336K [0x0000000702600000, 0x0000000800000000)
  region size 2048K, 7 young (14336K), 0 survivors (0K)
 Metaspace       used 3643K, committed 3904K, reserved 1114112K
  class space    used 303K, committed 448K, reserved 1048576K
}
Event: 2.676 GC heap after
{Heap after GC invocations=1 (full 0):
 garbage-first heap   total reserved 4155392K, committed 260096K, used 3172K [0x0000000702600000, 0x0000000800000000)
  region size 2048K, 1 young (2048K), 1 survivors (2048K)
 Metaspace       used 3643K, committed 3904K, reserved 1114112K
  class space    used 303K, committed 448K, reserved 1048576K
}
Event: 4.527 GC heap before
{Heap before GC invocations=1 (full 0):
 garbage-first heap   total reserved 4155392K, committed 260096K, used 19556K [0x0000000702600000, 0x0000000800000000)
  region size 2048K, 9 young (18432K), 1 survivors (2048K)
 Metaspace       used 7157K, committed 7360K, reserved 1114112K
  class space    used 606K, committed 704K, reserved 1048576K
}
Event: 4.534 GC heap after
{Heap after GC invocations=2 (full 0):
 garbage-first heap   total reserved 4155392K, committed 260096K, used 4701K [0x0000000702600000, 0x0000000800000000)
  region size 2048K, 2 young (4096K), 2 survivors (4096K)
 Metaspace       used 7157K, committed 7360K, reserved 1114112K
  class space    used 606K, committed 704K, reserved 1048576K
}

Dll operation events (15 events):
Event: 0.027 Loaded shared library C:\Users\User\.jdks\openjdk-22.0.2\bin\java.dll
Event: 0.030 Loaded shared library C:\Users\User\.jdks\openjdk-22.0.2\bin\zip.dll
Event: 0.086 Loaded shared library C:\Users\User\.jdks\openjdk-22.0.2\bin\jsvml.dll
Event: 1.361 Loaded shared library C:\Users\User\.jdks\openjdk-22.0.2\bin\instrument.dll
Event: 1.527 Loaded shared library C:\Users\User\.jdks\openjdk-22.0.2\bin\net.dll
Event: 1.529 Loaded shared library C:\Users\User\.jdks\openjdk-22.0.2\bin\nio.dll
Event: 1.554 Loaded shared library C:\Users\User\.jdks\openjdk-22.0.2\bin\zip.dll
Event: 1.606 Loaded shared library C:\Users\User\.jdks\openjdk-22.0.2\bin\awt.dll
Event: 1.654 Loaded shared library C:\Users\User\.jdks\openjdk-22.0.2\bin\jimage.dll
Event: 2.034 Loaded shared library C:\Users\User\.jdks\openjdk-22.0.2\bin\freetype.dll
Event: 2.037 Loaded shared library C:\Users\User\.jdks\openjdk-22.0.2\bin\fontmanager.dll
Event: 3.042 Loaded shared library C:\Users\User\.jdks\openjdk-22.0.2\bin\verify.dll
Event: 3.088 Loaded shared library C:\Workspaces\cosmodog\natives_windows\lwjgl64.dll
Event: 4.837 Loaded shared library C:\Workspaces\cosmodog\natives_windows\jinput-dx8_64.dll
Event: 5.128 Loaded shared library C:\Workspaces\cosmodog\natives_windows\jinput-raw_64.dll

Deoptimization events (20 events):
Event: 5.562 Thread 0x0000015ee10f1fc0 Uncommon trap: trap_request=0xffffff45 fr.pc=0x0000015ef0fe7c1c relative=0x000000000000021c
Event: 5.562 Thread 0x0000015ee10f1fc0 Uncommon trap: reason=unstable_if action=reinterpret pc=0x0000015ef0fe7c1c method=java.util.HashMap.putVal(ILjava/lang/Object;Ljava/lang/Object;ZZ)Ljava/lang/Object; @ 162 c2
Event: 5.562 Thread 0x0000015ee10f1fc0 DEOPT PACKING pc=0x0000015ef0fe7c1c sp=0x0000004b184fe730
Event: 5.562 Thread 0x0000015ee10f1fc0 DEOPT UNPACKING pc=0x0000015ef0a0469c sp=0x0000004b184fe730 mode 2
Event: 5.690 Thread 0x0000015ee10f1fc0 DEOPT PACKING pc=0x0000015ee95c791c sp=0x0000004b184fe9e0
Event: 5.690 Thread 0x0000015ee10f1fc0 DEOPT UNPACKING pc=0x0000015ef0a04e23 sp=0x0000004b184fde38 mode 1
Event: 5.690 Thread 0x0000015ee10f1fc0 DEOPT PACKING pc=0x0000015ee95c791c sp=0x0000004b184fe9e0
Event: 5.690 Thread 0x0000015ee10f1fc0 DEOPT UNPACKING pc=0x0000015ef0a04e23 sp=0x0000004b184fde38 mode 1
Event: 5.691 Thread 0x0000015ee10f1fc0 DEOPT PACKING pc=0x0000015ee95c791c sp=0x0000004b184fe9e0
Event: 5.691 Thread 0x0000015ee10f1fc0 DEOPT UNPACKING pc=0x0000015ef0a04e23 sp=0x0000004b184fde38 mode 1
Event: 5.694 Thread 0x0000015ee10f1fc0 DEOPT PACKING pc=0x0000015ee95c791c sp=0x0000004b184fe9e0
Event: 5.694 Thread 0x0000015ee10f1fc0 DEOPT UNPACKING pc=0x0000015ef0a04e23 sp=0x0000004b184fde38 mode 1
Event: 5.695 Thread 0x0000015ee10f1fc0 DEOPT PACKING pc=0x0000015ee95c791c sp=0x0000004b184fe9e0
Event: 5.695 Thread 0x0000015ee10f1fc0 DEOPT UNPACKING pc=0x0000015ef0a04e23 sp=0x0000004b184fde38 mode 1
Event: 5.695 Thread 0x0000015ee10f1fc0 DEOPT PACKING pc=0x0000015ee95c791c sp=0x0000004b184fe9e0
Event: 5.695 Thread 0x0000015ee10f1fc0 DEOPT UNPACKING pc=0x0000015ef0a04e23 sp=0x0000004b184fde38 mode 1
Event: 5.695 Thread 0x0000015ee10f1fc0 DEOPT PACKING pc=0x0000015ee95c791c sp=0x0000004b184fe9e0
Event: 5.695 Thread 0x0000015ee10f1fc0 DEOPT UNPACKING pc=0x0000015ef0a04e23 sp=0x0000004b184fde38 mode 1
Event: 5.695 Thread 0x0000015ee10f1fc0 DEOPT PACKING pc=0x0000015ee95c791c sp=0x0000004b184fe9e0
Event: 5.695 Thread 0x0000015ee10f1fc0 DEOPT UNPACKING pc=0x0000015ef0a04e23 sp=0x0000004b184fde38 mode 1

Classes loaded (20 events):
Event: 5.681 Loading class org/newdawn/slick/openal/SoundStore$1
Event: 5.681 Loading class org/newdawn/slick/openal/SoundStore$1 done
Event: 5.683 Loading class org/lwjgl/openal/AL
Event: 5.683 Loading class org/lwjgl/openal/AL done
Event: 5.684 Loading class org/lwjgl/LWJGLUtil$3
Event: 5.684 Loading class org/lwjgl/LWJGLUtil$3 done
Event: 5.691 Loading class java/lang/ClassFormatError
Event: 5.691 Loading class java/lang/ClassFormatError done
Event: 5.694 Loading class java/lang/reflect/InaccessibleObjectException
Event: 5.694 Loading class java/lang/reflect/InaccessibleObjectException done
Event: 5.699 Loading class org/lwjgl/openal/AL10
Event: 5.699 Loading class org/lwjgl/openal/AL10 done
Event: 5.701 Loading class org/lwjgl/openal/ALC10
Event: 5.701 Loading class org/lwjgl/openal/ALC10 done
Event: 5.766 Loading class org/lwjgl/openal/ALCdevice
Event: 5.766 Loading class org/lwjgl/openal/ALCdevice done
Event: 5.768 Loading class org/lwjgl/openal/ALCcontext
Event: 5.768 Loading class org/lwjgl/openal/ALCcontext done
Event: 5.769 Loading class org/lwjgl/openal/Util
Event: 5.769 Loading class org/lwjgl/openal/Util done

Classes unloaded (0 events):
No events

Classes redefined (0 events):
No events

Internal exceptions (17 events):
Event: 1.363 Thread 0x0000015ee10f1fc0 Exception <a 'java/lang/NoSuchMethodError'{0x0000000712051be8}: 'void java.lang.invoke.DirectMethodHandle$Holder.invokeStatic(java.lang.Object, java.lang.Object, java.lang.Object)'> (0x0000000712051be8) 
thrown [s\open\src\hotspot\share\interpreter\linkResolver.cpp, line 774]
Event: 1.381 Thread 0x0000015ee10f1fc0 Exception <a 'java/lang/NoSuchMethodError'{0x0000000712069680}: 'java.lang.Object java.lang.invoke.Invokers$Holder.invokeExact_MT(java.lang.Object, java.lang.Object, java.lang.Object, java.lang.Object, java.lang.Object)'> (0x0000000712069680) 
thrown [s\open\src\hotspot\share\interpreter\linkResolver.cpp, line 774]
Event: 1.624 Thread 0x0000015ee10f1fc0 Exception <a 'java/lang/ClassNotFoundException'{0x0000000711e0dc50}: sun/awt/resources/spi/awtProvider> (0x0000000711e0dc50) 
thrown [s\open\src\hotspot\share\classfile\systemDictionary.cpp, line 313]
Event: 1.785 Thread 0x0000015ee10f1fc0 Exception <a 'java/io/FileNotFoundException'{0x0000000711eb6978}> (0x0000000711eb6978) 
thrown [s\open\src\hotspot\share\prims\jni.cpp, line 520]
Event: 1.806 Thread 0x0000015ee10f1fc0 Exception <a 'java/io/FileNotFoundException'{0x0000000711ee5938}> (0x0000000711ee5938) 
thrown [s\open\src\hotspot\share\prims\jni.cpp, line 520]
Event: 2.158 Thread 0x0000015ee10f1fc0 Exception <a 'java/io/FileNotFoundException'{0x0000000711ad52f8}> (0x0000000711ad52f8) 
thrown [s\open\src\hotspot\share\prims\jni.cpp, line 520]
Event: 2.201 Thread 0x0000015ee10f1fc0 Exception <a 'java/io/FileNotFoundException'{0x0000000711b2a2e8}> (0x0000000711b2a2e8) 
thrown [s\open\src\hotspot\share\prims\jni.cpp, line 520]
Event: 2.206 Thread 0x0000015ee10f1fc0 Exception <a 'java/io/FileNotFoundException'{0x0000000711b373b0}> (0x0000000711b373b0) 
thrown [s\open\src\hotspot\share\prims\jni.cpp, line 520]
Event: 2.233 Thread 0x0000015ee10f1fc0 Exception <a 'java/io/FileNotFoundException'{0x0000000711b86a18}> (0x0000000711b86a18) 
thrown [s\open\src\hotspot\share\prims\jni.cpp, line 520]
Event: 2.236 Thread 0x0000015ee10f1fc0 Exception <a 'java/io/FileNotFoundException'{0x0000000711b8d9f8}> (0x0000000711b8d9f8) 
thrown [s\open\src\hotspot\share\prims\jni.cpp, line 520]
Event: 2.241 Thread 0x0000015ee10f1fc0 Exception <a 'java/io/FileNotFoundException'{0x0000000711ba05e8}> (0x0000000711ba05e8) 
thrown [s\open\src\hotspot\share\prims\jni.cpp, line 520]
Event: 3.229 Thread 0x0000015ee10f1fc0 Implicit null exception at 0x0000015ef0f91e83 to 0x0000015ef0f91f60
Event: 3.347 Thread 0x0000015ee10f1fc0 Exception <a 'java/lang/NoSuchMethodError'{0x0000000711618598}: 'java.lang.Object java.lang.invoke.DirectMethodHandle$Holder.invokeStaticInit(java.lang.Object, int, int, int, int)'> (0x0000000711618598) 
thrown [s\open\src\hotspot\share\interpreter\linkResolver.cpp, line 774]
Event: 3.424 Thread 0x0000015ee10f1fc0 Exception <a 'java/lang/NoSuchMethodError'{0x000000071170f040}: 'java.lang.Object java.lang.invoke.DirectMethodHandle$Holder.invokeStaticInit(java.lang.Object, java.lang.Object, int, int, int, int)'> (0x000000071170f040) 
thrown [s\open\src\hotspot\share\interpreter\linkResolver.cpp, line 774]
Event: 3.871 Thread 0x0000015ee10f1fc0 Exception <a 'java/lang/NoSuchMethodError'{0x000000071127ac78}: 'int java.lang.invoke.Invokers$Holder.invokeExact_MT(java.lang.Object, java.lang.Object)'> (0x000000071127ac78) 
thrown [s\open\src\hotspot\share\interpreter\linkResolver.cpp, line 774]
Event: 5.692 Thread 0x0000015ee10f1fc0 Exception <a 'java/lang/NoSuchMethodError'{0x00000007118499f8}: 'java.lang.Object java.lang.invoke.DirectMethodHandle$Holder.invokeInterface(java.lang.Object, java.lang.Object)'> (0x00000007118499f8) 
thrown [s\open\src\hotspot\share\interpreter\linkResolver.cpp, line 774]
Event: 5.693 Thread 0x0000015ee10f1fc0 Exception <a 'java/lang/IncompatibleClassChangeError'{0x000000071184cf20}: Found class java.lang.Object, but interface was expected> (0x000000071184cf20) 
thrown [s\open\src\hotspot\share\interpreter\linkResolver.cpp, line 841]

ZGC Phase Switch (0 events):
No events

VM Operations (20 events):
Event: 3.226 Executing VM operation: HandshakeAllThreads (Deoptimize)
Event: 3.226 Executing VM operation: HandshakeAllThreads (Deoptimize) done
Event: 3.228 Executing VM operation: HandshakeAllThreads (Deoptimize)
Event: 3.228 Executing VM operation: HandshakeAllThreads (Deoptimize) done
Event: 3.614 Executing VM operation: HandshakeAllThreads (Deoptimize)
Event: 3.614 Executing VM operation: HandshakeAllThreads (Deoptimize) done
Event: 3.847 Executing VM operation: HandshakeAllThreads (Deoptimize)
Event: 3.848 Executing VM operation: HandshakeAllThreads (Deoptimize) done
Event: 3.848 Executing VM operation: Cleanup
Event: 3.848 Executing VM operation: Cleanup done
Event: 3.849 Executing VM operation: HandshakeAllThreads (Deoptimize)
Event: 3.849 Executing VM operation: HandshakeAllThreads (Deoptimize) done
Event: 3.851 Executing VM operation: HandshakeAllThreads (Deoptimize)
Event: 3.851 Executing VM operation: HandshakeAllThreads (Deoptimize) done
Event: 4.527 Executing VM operation: G1CollectForAllocation (G1 Evacuation Pause)
Event: 4.534 Executing VM operation: G1CollectForAllocation (G1 Evacuation Pause) done
Event: 4.728 Executing VM operation: HandshakeAllThreads (Deoptimize)
Event: 4.728 Executing VM operation: HandshakeAllThreads (Deoptimize) done
Event: 5.737 Executing VM operation: Cleanup
Event: 5.737 Executing VM operation: Cleanup done

Memory protections (0 events):
No events

Nmethod flushes (0 events):
No events

Events (20 events):
Event: 0.082 Thread 0x0000015ee10f1fc0 Thread added: 0x0000015e801b86f0
Event: 0.083 Thread 0x0000015ee10f1fc0 Thread added: 0x0000015e801ba450
Event: 0.083 Thread 0x0000015ee10f1fc0 Thread added: 0x0000015e801bae50
Event: 0.083 Thread 0x0000015ee10f1fc0 Thread added: 0x0000015e801bffd0
Event: 0.083 Thread 0x0000015ee10f1fc0 Thread added: 0x0000015e801c2f20
Event: 0.084 Thread 0x0000015ee10f1fc0 Thread added: 0x0000015e801d6f00
Event: 0.084 Thread 0x0000015ee10f1fc0 Thread added: 0x0000015e801d9ee0
Event: 0.180 Thread 0x0000015ee10f1fc0 Thread added: 0x0000015e80437960
Event: 0.246 Thread 0x0000015ee10f1fc0 Thread added: 0x0000015e805ae210
Event: 0.246 Thread 0x0000015ee10f1fc0 Thread added: 0x0000015e805d3790
Event: 0.280 Thread 0x0000015e805ae210 Thread added: 0x0000015e80565c90
Event: 1.409 Thread 0x0000015ee10f1fc0 Thread added: 0x0000015e805a9660
Event: 2.054 Thread 0x0000015ee10f1fc0 Thread added: 0x0000015ec6050d10
Event: 2.304 Thread 0x0000015e801d6f00 Thread added: 0x0000015ec6150dc0
Event: 2.425 Thread 0x0000015ec6150dc0 Thread exited: 0x0000015ec6150dc0
Event: 2.690 Thread 0x0000015e801d9ee0 Thread added: 0x0000015ec617cf00
Event: 4.457 Thread 0x0000015ec617cf00 Thread exited: 0x0000015ec617cf00
Event: 4.526 Thread 0x0000015e801d9ee0 Thread added: 0x0000015ec617cf00
Event: 4.745 Thread 0x0000015ec617cf00 Thread exited: 0x0000015ec617cf00
Event: 5.192 Thread 0x0000015ee10f1fc0 Thread added: 0x0000015ec70965d0


Dynamic libraries:
0x00007ff752b90000 - 0x00007ff752b9e000 	C:\Users\User\.jdks\openjdk-22.0.2\bin\java.exe
0x00007ffd4bde0000 - 0x00007ffd4c045000 	C:\WINDOWS\SYSTEM32\ntdll.dll
0x00007ffd4ac20000 - 0x00007ffd4ace9000 	C:\WINDOWS\System32\KERNEL32.DLL
0x00007ffd494d0000 - 0x00007ffd498b8000 	C:\WINDOWS\System32\KERNELBASE.dll
0x00007ffd49380000 - 0x00007ffd494cb000 	C:\WINDOWS\System32\ucrtbase.dll
0x00007ffd24180000 - 0x00007ffd24197000 	C:\Users\User\.jdks\openjdk-22.0.2\bin\jli.dll
0x00007ffd49c10000 - 0x00007ffd49dda000 	C:\WINDOWS\System32\USER32.dll
0x00007ffd17970000 - 0x00007ffd1798b000 	C:\Users\User\.jdks\openjdk-22.0.2\bin\VCRUNTIME140.dll
0x00007ffd48fc0000 - 0x00007ffd48fe7000 	C:\WINDOWS\System32\win32u.dll
0x00007ffd4a700000 - 0x00007ffd4a72b000 	C:\WINDOWS\System32\GDI32.dll
0x00007ffd36e70000 - 0x00007ffd3710a000 	C:\WINDOWS\WinSxS\amd64_microsoft.windows.common-controls_6595b64144ccf1df_6.0.26100.4202_none_3e0698d4e335f517\COMCTL32.dll
0x00007ffd49a40000 - 0x00007ffd49b77000 	C:\WINDOWS\System32\gdi32full.dll
0x00007ffd4b410000 - 0x00007ffd4b4b9000 	C:\WINDOWS\System32\msvcrt.dll
0x00007ffd49230000 - 0x00007ffd492d3000 	C:\WINDOWS\System32\msvcp_win.dll
0x00007ffd49bd0000 - 0x00007ffd49c00000 	C:\WINDOWS\System32\IMM32.DLL
0x00007ffd17960000 - 0x00007ffd1796c000 	C:\Users\User\.jdks\openjdk-22.0.2\bin\vcruntime140_1.dll
0x00007ffd178d0000 - 0x00007ffd1795e000 	C:\Users\User\.jdks\openjdk-22.0.2\bin\msvcp140.dll
0x00007ffc9ac50000 - 0x00007ffc9b999000 	C:\Users\User\.jdks\openjdk-22.0.2\bin\server\jvm.dll
0x00007ffd4a8a0000 - 0x00007ffd4a953000 	C:\WINDOWS\System32\ADVAPI32.dll
0x00007ffd4b4c0000 - 0x00007ffd4b566000 	C:\WINDOWS\System32\sechost.dll
0x00007ffd4b570000 - 0x00007ffd4b685000 	C:\WINDOWS\System32\RPCRT4.dll
0x00007ffd4a960000 - 0x00007ffd4a9d4000 	C:\WINDOWS\System32\WS2_32.dll
0x00007ffd48d80000 - 0x00007ffd48dde000 	C:\WINDOWS\SYSTEM32\POWRPROF.dll
0x00007ffd371a0000 - 0x00007ffd371d5000 	C:\WINDOWS\SYSTEM32\WINMM.dll
0x00007ffd41a10000 - 0x00007ffd41a1b000 	C:\WINDOWS\SYSTEM32\VERSION.dll
0x00007ffd48d60000 - 0x00007ffd48d74000 	C:\WINDOWS\SYSTEM32\UMPDC.dll
0x00007ffd47cf0000 - 0x00007ffd47d0b000 	C:\WINDOWS\SYSTEM32\kernel.appcore.dll
0x00007ffd178a0000 - 0x00007ffd178aa000 	C:\Users\User\.jdks\openjdk-22.0.2\bin\jimage.dll
0x00007ffd46680000 - 0x00007ffd468c1000 	C:\WINDOWS\SYSTEM32\DBGHELP.DLL
0x00007ffd4ae70000 - 0x00007ffd4b1f5000 	C:\WINDOWS\System32\combase.dll
0x00007ffd4ad00000 - 0x00007ffd4ade1000 	C:\WINDOWS\System32\OLEAUT32.dll
0x00007ffd2ebe0000 - 0x00007ffd2ec19000 	C:\WINDOWS\SYSTEM32\dbgcore.DLL
0x00007ffd492e0000 - 0x00007ffd49379000 	C:\WINDOWS\System32\bcryptPrimitives.dll
0x00007ffce2260000 - 0x00007ffce229c000 	C:\Users\User\.jdks\openjdk-22.0.2\bin\jdwp.dll
0x00007ffd17870000 - 0x00007ffd1787f000 	C:\Users\User\.jdks\openjdk-22.0.2\bin\instrument.dll
0x00007ffd17880000 - 0x00007ffd1789e000 	C:\Users\User\.jdks\openjdk-22.0.2\bin\java.dll
0x00007ffd49de0000 - 0x00007ffd4a522000 	C:\WINDOWS\System32\SHELL32.dll
0x00007ffd498c0000 - 0x00007ffd49a34000 	C:\WINDOWS\System32\wintypes.dll
0x00007ffd4a550000 - 0x00007ffd4a6ee000 	C:\WINDOWS\System32\ole32.dll
0x00007ffd17850000 - 0x00007ffd17867000 	C:\Users\User\.jdks\openjdk-22.0.2\bin\zip.dll
0x00007ffd46bd0000 - 0x00007ffd47428000 	C:\WINDOWS\SYSTEM32\windows.storage.dll
0x00007ffd4b310000 - 0x00007ffd4b401000 	C:\WINDOWS\System32\SHCORE.dll
0x00007ffd4abb0000 - 0x00007ffd4ac1a000 	C:\WINDOWS\System32\shlwapi.dll
0x00007ffd48e40000 - 0x00007ffd48e6f000 	C:\WINDOWS\SYSTEM32\profapi.dll
0x00007ffce1590000 - 0x00007ffce1667000 	C:\Users\User\.jdks\openjdk-22.0.2\bin\jsvml.dll
0x00007ffd163c0000 - 0x00007ffd163cc000 	C:\Users\User\.jdks\openjdk-22.0.2\bin\dt_socket.dll
0x00007ffd47720000 - 0x00007ffd47753000 	C:\WINDOWS\SYSTEM32\IPHLPAPI.DLL
0x00007ffd48260000 - 0x00007ffd482ca000 	C:\WINDOWS\system32\mswsock.dll
0x00007ffd13c50000 - 0x00007ffd13c60000 	C:\Users\User\.jdks\openjdk-22.0.2\bin\net.dll
0x00007ffcf1ce0000 - 0x00007ffcf1cf6000 	C:\Users\User\.jdks\openjdk-22.0.2\bin\nio.dll
0x00007ffc95b30000 - 0x00007ffc95cbd000 	C:\Users\User\.jdks\openjdk-22.0.2\bin\awt.dll
0x00007ffd44ce0000 - 0x00007ffd44d7e000 	C:\WINDOWS\SYSTEM32\apphelp.dll
0x00007ffd46280000 - 0x00007ffd462b6000 	C:\WINDOWS\system32\DWMAPI.DLL
0x00007ffd45d10000 - 0x00007ffd45dbf000 	C:\WINDOWS\system32\uxtheme.dll
0x00007ffce21d0000 - 0x00007ffce2257000 	C:\Users\User\.jdks\openjdk-22.0.2\bin\freetype.dll
0x00007ffca1d30000 - 0x00007ffca1e07000 	C:\Users\User\.jdks\openjdk-22.0.2\bin\fontmanager.dll
0x00007ffce2cc0000 - 0x00007ffce2cd0000 	C:\Users\User\.jdks\openjdk-22.0.2\bin\verify.dll
0x0000000180000000 - 0x0000000180053000 	C:\Workspaces\cosmodog\natives_windows\lwjgl64.dll
0x00007ffcec9b0000 - 0x00007ffcecac4000 	C:\WINDOWS\SYSTEM32\OPENGL32.dll
0x00007ffd24f40000 - 0x00007ffd24f6d000 	C:\WINDOWS\SYSTEM32\GLU32.dll
0x00007ffd45e50000 - 0x00007ffd45e9d000 	C:\WINDOWS\SYSTEM32\dxcore.dll
0x00007ffd43ec0000 - 0x00007ffd43f88000 	C:\WINDOWS\SYSTEM32\mscms.dll
0x00007ffd4ab00000 - 0x00007ffd4aba8000 	C:\WINDOWS\System32\clbcatq.dll
0x00007ffd29200000 - 0x00007ffd2926c000 	C:\Windows\System32\Windows.Internal.Graphics.Display.DisplayColorManagement.dll
0x00007ffd48aa0000 - 0x00007ffd48af7000 	C:\WINDOWS\SYSTEM32\cfgmgr32.dll
0x00007ffd48510000 - 0x00007ffd4852b000 	C:\WINDOWS\SYSTEM32\CRYPTSP.dll
0x00007ffd47c50000 - 0x00007ffd47c8a000 	C:\WINDOWS\system32\rsaenh.dll
0x00007ffd48300000 - 0x00007ffd4832b000 	C:\WINDOWS\SYSTEM32\USERENV.dll
0x00007ffd48e10000 - 0x00007ffd48e36000 	C:\WINDOWS\SYSTEM32\bcrypt.dll
0x00007ffd48530000 - 0x00007ffd4853c000 	C:\WINDOWS\SYSTEM32\CRYPTBASE.dll
0x00007ffd4a9e0000 - 0x00007ffd4a9ea000 	C:\WINDOWS\System32\NSI.dll
0x00007ffd4a730000 - 0x00007ffd4a890000 	C:\WINDOWS\System32\MSCTF.dll
0x00007ffd45ea0000 - 0x00007ffd45f01000 	C:\WINDOWS\SYSTEM32\directxdatabasehelper.dll
0x00007ffd3d000000 - 0x00007ffd3d01a000 	C:\WINDOWS\SYSTEM32\windows.staterepositorycore.dll
0x00007ffc735b0000 - 0x00007ffc746d1000 	C:\WINDOWS\System32\DriverStore\FileRepository\iigd_dch.inf_amd64_c3bafbe80a0ff678\ig11icd64.dll
0x00007ffd45f10000 - 0x00007ffd46045000 	C:\WINDOWS\system32\dxgi.dll
0x00007ffc9a220000 - 0x00007ffc9a34c000 	C:\WINDOWS\System32\DriverStore\FileRepository\iigd_dch.inf_amd64_c3bafbe80a0ff678\igdml64.dll
0x00007ffd36a60000 - 0x00007ffd36e69000 	C:\WINDOWS\System32\DriverStore\FileRepository\iigd_dch.inf_amd64_c3bafbe80a0ff678\igdgmm64.dll
0x00007ffd303a0000 - 0x00007ffd304f0000 	C:\WINDOWS\SYSTEM32\textinputframework.dll
0x00007ffd44460000 - 0x00007ffd44585000 	C:\WINDOWS\SYSTEM32\CoreMessaging.dll
0x00007ffd2d250000 - 0x00007ffd2d533000 	C:\WINDOWS\SYSTEM32\CoreUIComponents.dll
0x00007ffd177f0000 - 0x00007ffd17839000 	C:\WINDOWS\SYSTEM32\icm32.dll
0x00007ffd33120000 - 0x00007ffd368b6000 	C:\WINDOWS\System32\DriverStore\FileRepository\iigd_dch.inf_amd64_c3bafbe80a0ff678\igc64.dll
0x0000015e80f80000 - 0x0000015e80f96000 	C:\Workspaces\cosmodog\natives_windows\jinput-dx8_64.dll
0x00007ffce1750000 - 0x00007ffce179b000 	C:\WINDOWS\SYSTEM32\DINPUT8.dll
0x00007ffd30500000 - 0x00007ffd306e1000 	C:\WINDOWS\SYSTEM32\inputhost.dll
0x00007ffd47430000 - 0x00007ffd4743f000 	C:\WINDOWS\SYSTEM32\HID.DLL
0x00007ffd4b8a0000 - 0x00007ffd4bd26000 	C:\WINDOWS\System32\SETUPAPI.DLL
0x00007ffd48a70000 - 0x00007ffd48a9d000 	C:\WINDOWS\SYSTEM32\DEVOBJ.dll
0x00007ffd48f30000 - 0x00007ffd48fb4000 	C:\WINDOWS\System32\WINTRUST.dll
0x00007ffd490b0000 - 0x00007ffd49227000 	C:\WINDOWS\System32\CRYPT32.dll
0x00007ffd48580000 - 0x00007ffd48593000 	C:\WINDOWS\SYSTEM32\MSASN1.dll
0x0000015ecc3d0000 - 0x0000015ecc3e4000 	C:\Workspaces\cosmodog\natives_windows\jinput-raw_64.dll
0x0000015ecc420000 - 0x0000015ecc484000 	C:\Workspaces\cosmodog\natives_windows\OpenAL64.dll
0x00007ffd41830000 - 0x00007ffd418d0000 	C:\WINDOWS\System32\MMDevApi.dll
0x00007ffce14f0000 - 0x00007ffce1584000 	C:\WINDOWS\SYSTEM32\dsound.dll
0x00007ffd30360000 - 0x00007ffd30391000 	C:\WINDOWS\SYSTEM32\winmmbase.dll
0x00007ffc99bf0000 - 0x00007ffc99ca1000 	C:\WINDOWS\SYSTEM32\ResampleDmo.DLL
0x00007ffd0df80000 - 0x00007ffd0df8e000 	C:\WINDOWS\SYSTEM32\msdmo.dll
0x00007ffd26d00000 - 0x00007ffd26ebe000 	C:\WINDOWS\SYSTEM32\AUDIOSES.DLL

dbghelp: loaded successfully - version: 4.0.5 - missing functions: none
symbol engine: initialized successfully - sym options: 0x614 - pdb path: .;C:\Users\User\.jdks\openjdk-22.0.2\bin;C:\WINDOWS\SYSTEM32;C:\WINDOWS\WinSxS\amd64_microsoft.windows.common-controls_6595b64144ccf1df_6.0.26100.4202_none_3e0698d4e335f517;C:\Users\User\.jdks\openjdk-22.0.2\bin\server;C:\Workspaces\cosmodog\natives_windows;C:\WINDOWS\System32\DriverStore\FileRepository\iigd_dch.inf_amd64_c3bafbe80a0ff678

VM Arguments:
jvm_args: -agentlib:jdwp=transport=dt_socket,address=127.0.0.1:62754,suspend=y,server=n -Djava.library.path=C:/Workspaces/cosmodog/natives_windows -javaagent:C:\Users\User\AppData\Local\JetBrains\IdeaIC2024.2\captureAgent\debugger-agent.jar -Dkotlinx.coroutines.debug.enable.creation.stack.trace=false -Ddebugger.agent.enable.coroutines=true -Dfile.encoding=UTF-8 -Dsun.stdout.encoding=UTF-8 -Dsun.stderr.encoding=UTF-8 
java_command: integration_test.TestPortals
java_class_path (initial): C:\Workspaces\cosmodog\classes\production\cosmodog;C:\Workspaces\cosmodog\lib\lwjgl\jar\lzma.jar;C:\Workspaces\cosmodog\lib\lwjgl\jar\lwjgl.jar;C:\Workspaces\cosmodog\lib\lwjgl\jar\jinput.jar;C:\Workspaces\cosmodog\lib\lwjgl\jar\lwjgl_test.jar;C:\Workspaces\cosmodog\lib\lwjgl\jar\lwjgl_util.jar;C:\Workspaces\cosmodog\lib\lwjgl\jar\lwjgl-debug.jar;C:\Workspaces\cosmodog\lib\lwjgl\jar\asm-debug-all.jar;C:\Workspaces\cosmodog\lib\lwjgl\jar\trident-7.2.1.jar;C:\Workspaces\cosmodog\lib\lwjgl\jar\substance-7.2.1.jar;C:\Workspaces\cosmodog\lib\lwjgl\jar\laf-plugin-7.2.1.jar;C:\Workspaces\cosmodog\lib\lwjgl\jar\laf-widget-7.2.1.jar;C:\Workspaces\cosmodog\lib\lwjgl\jar\lwjgl_util_applet.jar;C:\Workspaces\cosmodog\lib\lwjgl\jar\AppleJavaExtensions.jar;C:\Workspaces\cosmodog\lib\lwjgl\jar\log4j-api-2.0-beta9.jar;C:\Workspaces\cosmodog\lib\gdx-1.8.0.jar;C:\Workspaces\cosmodog\lib\guava-18.0.jar;C:\Workspaces\cosmodog\lib\jogg-0.0.7.jar;C:\Workspaces\cosmodog\lib\jdom2-2.0.6.jar;C:\Workspaces\cosmodog\lib\jorbis-0.0.15.jar;C:\Workspaces\cosmodog\lib\json-20240303.jar;C:\Workspaces\cosmodog\lib\commons-logging-1.2.jar;C:\Workspaces\cosmodog\lib\commons-beanutils-1.9.2.jar;C:\Workspaces\cosmodog\lib\commons-collections-3.2.2.jar;C:\Workspaces\cosmodog\lib\slick2d\lib\ibxm.jar;C:\Workspaces\cosmodog\lib\slick2d\lib\jnlp.jar;C:\Workspaces\cosmodog\lib\slick2d\lib\lwjgl.jar;C:\Workspaces\cosmodog\lib\slick2d\lib\slick.jar;C:\Workspaces\cosmodog\lib\slick2d\lib\jinput.jar;C:\Workspaces\cosmodog\lib\slick2d\lib\jogg-0.0.7.jar;C:\Workspaces\cosmodog\lib\slick2d\lib\lwjgl_util.jar;C:\Workspaces\cosmodog\lib\slick2d\lib\tinylinepp.jar;C:\Workspaces\cosmodog\lib\slick2d\lib\natives-mac.jar;C:\Workspaces\cosmodog\lib\slick2d\lib\jorbis-0.0.15.jar;C:\Workspaces\cosmodog\lib\slick2d\lib\natives-linux.jar;C:\Workspaces\cosmodog\lib\slick2d\lib\slick-examples.jar;C:\Workspaces\cosmodog\lib\slick2d\lib\natives-windows.jar;C:\Workspaces\cosmodog\lib\slick2d\lib\lwjgl_util_applet.jar;C:\Apps\IntelliJ IDEA Community Edition 2024.2.3\lib\idea_rt.jar
Launcher Type: SUN_STANDARD

[Global flags]
     intx CICompilerCount                          = 3                                         {product} {ergonomic}
     uint ConcGCThreads                            = 1                                         {product} {ergonomic}
     uint G1ConcRefinementThreads                  = 4                                         {product} {ergonomic}
   size_t G1HeapRegionSize                         = 2097152                                   {product} {ergonomic}
   size_t InitialHeapSize                          = 266338304                                 {product} {ergonomic}
   size_t MarkStackSize                            = 4194304                                   {product} {ergonomic}
   size_t MaxHeapSize                              = 4255121408                                {product} {ergonomic}
   size_t MaxNewSize                               = 2552233984                                {product} {ergonomic}
   size_t MinHeapDeltaBytes                        = 2097152                                   {product} {ergonomic}
   size_t MinHeapSize                              = 8388608                                   {product} {ergonomic}
    uintx NonNMethodCodeHeapSize                   = 5832780                                {pd product} {ergonomic}
    uintx NonProfiledCodeHeapSize                  = 122912730                              {pd product} {ergonomic}
    uintx ProfiledCodeHeapSize                     = 122912730                              {pd product} {ergonomic}
    uintx ReservedCodeCacheSize                    = 251658240                              {pd product} {ergonomic}
     bool SegmentedCodeCache                       = true                                      {product} {ergonomic}
   size_t SoftMaxHeapSize                          = 4255121408                             {manageable} {ergonomic}
     bool UseCompressedOops                        = true                           {product lp64_product} {ergonomic}
     bool UseG1GC                                  = true                                      {product} {ergonomic}
     bool UseLargePagesIndividualAllocation        = false                                  {pd product} {ergonomic}

Logging:
Log output configuration:
 #0: stdout all=warning uptime,level,tags foldmultilines=false
 #1: stderr all=off uptime,level,tags foldmultilines=false

Environment Variables:
PATH=C:\Program Files (x86)\Common Files\Oracle\Java\java8path;C:\Program Files (x86)\Common Files\Oracle\Java\javapath;C:\WINDOWS\system32;C:\WINDOWS;C:\WINDOWS\System32\Wbem;C:\WINDOWS\System32\WindowsPowerShell\v1.0\;C:\WINDOWS\System32\OpenSSH\;C:\Program Files\Intel\TXE Components\DAL\;C:\Program Files (x86)\Intel\TXE Components\DAL\;C:\Program Files (x86)\NVIDIA Corporation\PhysX\Common;C:\Apps\Git\cmd;C:\WINDOWS\system32;C:\WINDOWS;C:\WINDOWS\System32\Wbem;C:\WINDOWS\System32\WindowsPowerShell\v1.0\;C:\WINDOWS\System32\OpenSSH\;C:\Program Files\Calibre2\;C:\Program Files (x86)\Windows Kits\10\Windows Performance Toolkit\;C:\Users\User\AppData\Local\Microsoft\WindowsApps;
USERNAME=User
OS=Windows_NT
PROCESSOR_IDENTIFIER=Intel64 Family 6 Model 156 Stepping 0, GenuineIntel
TMP=C:\Users\User\AppData\Local\Temp
TEMP=C:\Users\User\AppData\Local\Temp




Periodic native trim disabled

---------------  S Y S T E M  ---------------

OS:
 Windows 11 , 64 bit Build 26100 (10.0.26100.4202)
OS uptime: 2 days 6:05 hours

CPU: total 4 (initial active 4) (4 cores per cpu, 1 threads per core) family 6 model 156 stepping 0 microcode 0x24000023, cx8, cmov, fxsr, mmx, 3dnowpref, sse, sse2, sse3, ssse3, sse4.1, sse4.2, popcnt, tsc, tscinvbit, aes, erms, clmul, sha, clflush, clflushopt, clwb, rdtscp, rdpid
Processor Information for all 4 processors :
  Max Mhz: 1114, Current Mhz: 1114, Mhz Limit: 1114

Memory: 4k page, system-wide physical 16225M (6387M free)
TotalPageFile size 17249M (AvailPageFile size 4878M)
current process WorkingSet (physical memory assigned to process): 160M, peak: 160M
current process commit charge ("private bytes"): 393M, peak: 393M

vm_info: OpenJDK 64-Bit Server VM (22.0.2+9-70) for windows-amd64 JRE (22.0.2+9-70), built on 2024-06-04T16:52:23Z by "mach5one" with MS VC++ 17.6 (VS2022)

END.
